2021-03-27 18:39:47 [@villa]
Interno #1: Ejecutar mailgateerror
2021-03-27 19:39:08 [@villa]
Interno #1: Ejecutar mailgateerror
2021-03-27 20:04:12 [@villa]
Interno #1: Ejecutar mailgateerror
2021-03-27 20:13:20 [2@villa]
Interno #1: Ejecutar createinquest
2021-03-27 20:22:57 [@villa]
Interno #1: Ejecutar watcher
2021-03-27 20:23:01 [@villa]
Interno #1: Ejecutar ticketrecurrent
2021-03-27 20:30:04 [@villa]
Interno #1: Ejecutar planningrecall
2021-03-27 20:32:50 [@villa]
Interno #1: Ejecutar queuednotification
2021-03-27 20:37:10 [@villa]
Interno #1: Ejecutar queuednotificationclean
2021-03-27 21:00:51 [@villa]
Interno #1: Ejecutar mailgateerror
2021-03-27 21:01:01 [@villa]
Interno #1: Ejecutar createinquest
2021-03-27 21:28:10 [2@villa]
Interno #1: Ejecutar watcher
2021-03-27 21:41:37 [2@villa]
Interno #1: Ejecutar ticketrecurrent
2021-03-27 21:49:11 [2@villa]
Interno #1: Ejecutar planningrecall
2021-03-27 21:56:56 [2@villa]
Interno #1: Ejecutar queuednotification
2021-03-27 22:19:43 [2@villa]
Internal #1: Launch queuednotificationclean
2021-03-27 22:51:54 [@villa]
Interno #1: Ejecutar temp
2021-03-27 23:26:41 [@villa]
Interno #1: Nada que ejecutar
2021-03-27 23:26:50 [@villa]
Interno #1: Nada que ejecutar
2021-03-27 23:26:57 [@villa]
Interno #1: Nada que ejecutar
2021-03-27 23:38:06 [@villa]
Interno #1: Nada que ejecutar
2021-03-27 23:38:16 [@villa]
Interno #1: Nada que ejecutar
2021-03-27 23:38:22 [@villa]
Interno #1: Nada que ejecutar
2021-03-27 23:38:26 [@villa]
Interno #1: Nada que ejecutar
2021-03-27 23:45:55 [@villa]
Interno #1: Ejecutar mailgateerror
2021-03-28 00:22:19 [2@villa]
Interno #1: Ejecutar createinquest
2021-03-28 00:28:38 [2@villa]
Interno #1: Ejecutar watcher
2021-03-28 00:33:57 [2@villa]
Interno #1: Ejecutar ticketrecurrent
2021-03-28 00:39:16 [2@villa]
Interno #1: Ejecutar planningrecall
2021-03-28 00:50:25 [@villa]
Interno #1: Nada que ejecutar
2021-03-28 02:00:13 [@villa]
Interno #1: Ejecutar mailgateerror
2021-03-28 02:01:42 [@villa]
Interno #1: Ejecutar createinquest
2021-03-28 02:03:52 [@villa]
Interno #1: Ejecutar watcher
2021-03-28 02:04:02 [@villa]
Interno #1: Ejecutar ticketrecurrent
2021-03-28 02:06:10 [@villa]
Interno #1: Ejecutar planningrecall
2021-03-28 02:12:12 [@villa]
Interno #1: Ejecutar mailgateerror
2021-03-28 02:12:40 [@villa]
Interno #1: Ejecutar createinquest
2021-03-28 02:17:27 [@villa]
Interno #1: Ejecutar watcher
2021-03-28 02:17:34 [@villa]
Interno #1: Ejecutar ticketrecurrent
2021-03-28 02:20:51 [@villa]
Interno #1: Ejecutar planningrecall
2021-03-28 02:21:04 [@villa]
Interno #1: Ejecutar queuednotification
2021-03-28 02:27:04 [@villa]
Interno #1: Ejecutar queuednotificationclean
2021-03-28 02:46:46 [@villa]
Interno #1: Ejecutar temp
2021-03-28 02:52:21 [@villa]
Interno #1: Ejecutar mailgateerror
2021-03-28 03:25:12 [@villa]
Interno #1: Ejecutar mailgateerror
2021-03-28 03:25:20 [@villa]
Interno #1: Ejecutar createinquest
2021-03-28 03:26:41 [@villa]
Interno #1: Ejecutar watcher
2021-03-28 03:33:33 [@villa]
Interno #1: Ejecutar mailgateerror
2021-03-28 03:33:39 [@villa]
Interno #1: Ejecutar createinquest
2021-03-28 03:39:17 [@villa]
Interno #1: Ejecutar mailgateerror
2021-03-28 04:33:52 [@villa]
Interno #1: Ejecutar mailgateerror
2021-03-28 04:34:12 [@villa]
Interno #1: Ejecutar createinquest
2021-03-28 04:34:31 [@villa]
Interno #1: Ejecutar watcher
2021-03-28 04:51:12 [@villa]
Interno #1: Ejecutar ticketrecurrent
2021-03-28 04:51:17 [@villa]
Interno #1: Ejecutar planningrecall
2021-03-28 04:51:54 [@villa]
Interno #1: Ejecutar queuednotification
2021-03-28 05:07:03 [@villa]
Interno #1: Ejecutar queuednotificationclean
2021-03-28 05:07:26 [@villa]
Interno #1: Ejecutar temp
2021-03-28 05:08:28 [@villa]
Interno #1: Ejecutar contract
2021-03-28 05:08:57 [@villa]
Interno #1: Ejecutar infocom
2021-03-28 05:13:31 [@villa]
Interno #1: Ejecutar mailgate
2021-03-28 05:14:33 [@villa]
Interno #1: Ejecutar session
2021-03-28 05:15:37 [@villa]
Interno #1: Ejecutar graph
2021-03-28 05:16:35 [@villa]
Interno #1: Ejecutar reservation
2021-03-28 05:17:12 [@villa]
Interno #1: Ejecutar closeticket
2021-03-28 05:17:40 [@villa]
Interno #1: Ejecutar alertnotclosed
2021-03-28 05:19:30 [@villa]
Interno #1: Ejecutar slaticket
2021-03-28 05:20:01 [@villa]
Interno #1: Ejecutar olaticket
2021-03-28 05:20:20 [@villa]
Interno #1: Ejecutar queuednotification
2021-03-28 05:21:45 [@villa]
Interno #1: Ejecutar planningrecall
2021-03-28 05:34:34 [@villa]
Interno #1: Ejecutar queuednotification
2021-03-28 05:54:07 [@villa]
Interno #1: Ejecutar mailgate
2021-03-28 05:55:28 [@villa]
Interno #1: Ejecutar slaticket
2021-03-28 05:55:30 [@villa]
Interno #1: Ejecutar olaticket
2021-03-28 05:55:41 [@villa]
Interno #1: Ejecutar planningrecall
2021-03-28 05:57:51 [@villa]
Interno #1: Ejecutar queuednotification
2021-03-28 05:59:08 [@villa]
Interno #1: Ejecutar ticketrecurrent
2021-03-28 06:00:24 [@villa]
Interno #1: Ejecutar queuednotification
2021-03-28 06:06:05 [@villa]
Interno #1: Ejecutar slaticket
2021-03-28 06:08:54 [@villa]
Interno #1: Ejecutar planningrecall
2021-03-28 06:09:00 [@villa]
Interno #1: Ejecutar olaticket
2021-03-28 06:09:43 [@villa]
Interno #1: Ejecutar queuednotification
2021-03-28 06:10:33 [@villa]
Interno #1: Ejecutar mailgate
2021-03-28 06:10:51 [@villa]
Interno #1: Ejecutar temp
2021-03-28 06:11:03 [@villa]
Interno #1: Ejecutar queuednotification
2021-03-28 06:13:02 [@villa]
Interno #1: Ejecutar slaticket
2021-03-28 06:14:39 [@villa]
Interno #1: Ejecutar queuednotification
2021-03-28 06:14:41 [@villa]
Interno #1: Ejecutar planningrecall
2021-03-28 06:14:43 [@villa]
Interno #1: Ejecutar olaticket
2021-03-28 06:16:48 [@villa]
Interno #1: Ejecutar graph
2021-03-28 06:16:50 [@villa]
Interno #1: Ejecutar queuednotification
2021-03-28 06:16:54 [@villa]
Interno #1: Ejecutar reservation
2021-03-28 06:18:38 [@villa]
Interno #1: Ejecutar queuednotification
2021-03-28 06:19:58 [@villa]
Interno #1: Ejecutar slaticket
2021-03-28 06:36:46 [@villa]
Interno #1: Ejecutar planningrecall
2021-03-28 06:38:42 [@villa]
Interno #1: Ejecutar queuednotification
2021-03-28 06:46:36 [@villa]
Interno #1: Ejecutar olaticket
2021-03-28 06:53:52 [@villa]
Interno #1: Ejecutar mailgate
2021-03-28 07:20:07 [@villa]
Interno #1: Ejecutar slaticket
2021-03-28 13:40:16 [@villa]
Interno #1: Ejecutar queuednotification
2021-03-28 13:40:26 [@villa]
Interno #1: Ejecutar planningrecall
2021-03-28 13:41:01 [@villa]
Interno #1: Ejecutar olaticket
2021-03-28 13:41:07 [@villa]
Interno #1: Ejecutar ticketrecurrent
2021-03-28 13:41:23 [@villa]
Interno #1: Ejecutar mailgate
2021-03-28 15:07:53 [@villa]
Interno #1: Ejecutar temp
2021-03-28 15:07:56 [@villa]
Interno #1: Ejecutar graph
2021-03-28 15:08:02 [@villa]
Interno #1: Ejecutar reservation
2021-03-28 15:08:23 [@villa]
Interno #1: Ejecutar slaticket
2021-03-28 15:08:45 [@villa]
Interno #1: Ejecutar queuednotification
2021-03-28 15:08:55 [@villa]
Interno #1: Ejecutar planningrecall
2021-03-28 15:19:05 [@villa]
Interno #1: Ejecutar olaticket
2021-03-28 16:42:19 [@villa]
Interno #1: Ejecutar mailgate
2021-03-28 16:43:35 [@villa]
Interno #1: Ejecutar ticketrecurrent
2021-03-28 16:43:40 [@villa]
Interno #1: Ejecutar queuednotification
2021-03-28 16:43:51 [@villa]
Interno #1: Ejecutar slaticket
2021-03-28 16:54:13 [@villa]
Interno #1: Ejecutar planningrecall
2021-03-28 16:54:51 [@villa]
Interno #1: Ejecutar olaticket
2021-03-28 17:02:35 [@villa]
Interno #1: Ejecutar graph
2021-03-28 17:43:42 [@villa]
Interno #1: Ejecutar mailgateerror
2021-03-28 17:47:50 [@villa]
Interno #1: Ejecutar createinquest
2021-03-28 17:52:58 [@villa]
Interno #1: Ejecutar mailgateerror
2021-03-28 18:09:20 [2@villa]
Interno #1: Ejecutar createinquest
2021-03-28 19:14:47 [@villa]
Interno #1: Ejecutar mailgateerror
2021-03-28 19:22:00 [2@villa]
Interno #1: Ejecutar createinquest
2021-03-28 19:27:09 [2@villa]
Interno #1: Ejecutar watcher
2021-03-28 19:33:46 [2@villa]
Interno #1: Ejecutar ticketrecurrent
2021-03-28 20:37:53 [@villa]
Interno #1: Ejecutar mailgateerror
2021-03-28 20:41:02 [@villa]
Interno #1: Ejecutar mailgateerror
2021-03-28 20:50:52 [2@villa]
Interno #1: Ejecutar createinquest
2021-03-28 21:03:35 [2@villa]
Interno #1: Ejecutar watcher
2021-03-28 21:09:28 [@villa]
Interno #1: Ejecutar mailgateerror
2021-03-28 21:22:05 [2@villa]
Interno #1: Ejecutar createinquest
2021-03-28 21:25:17 [@villa]
Interno #1: Ejecutar watcher
2021-03-28 21:27:13 [@villa]
Interno #1: Ejecutar ticketrecurrent
2021-03-28 21:28:05 [@villa]
Interno #1: Ejecutar planningrecall
2021-03-28 21:28:50 [@villa]
Interno #1: Ejecutar queuednotification
2021-03-28 21:35:55 [2@villa]
Interno #1: Ejecutar queuednotificationclean
2021-03-28 21:51:02 [@villa]
Interno #1: Ejecutar mailgateerror
2021-03-28 21:56:41 [2@villa]
Interno #1: Ejecutar createinquest
2021-03-28 22:03:10 [2@villa]
Interno #1: Ejecutar watcher
2021-03-28 22:20:31 [2@villa]
Interno #1: Ejecutar ticketrecurrent
2021-03-28 22:27:25 [2@villa]
Interno #1: Ejecutar planningrecall
2021-03-28 22:33:48 [2@villa]
Interno #1: Ejecutar queuednotification
2021-03-29 00:09:32 [2@villa]
Interno #1: Ejecutar queuednotificationclean
2021-03-29 00:44:45 [@villa]
Interno #1: Ejecutar mailgateerror
2021-03-29 01:28:25 [2@villa]
Interno #1: Ejecutar createinquest
2021-03-29 01:33:47 [2@villa]
Interno #1: Ejecutar watcher
2021-03-29 01:45:33 [2@villa]
Interno #1: Ejecutar ticketrecurrent
2021-03-29 06:05:26 [@villa]
Interno #1: Ejecutar planningrecall
2021-03-29 06:12:49 [2@villa]
Interno #1: Ejecutar queuednotification
2021-03-29 06:44:22 [2@villa]
Interno #1: Ejecutar queuednotificationclean
2021-03-29 06:45:21 [@villa]
Interno #1: Lanzar temp
2021-03-29 06:53:35 [2@villa]
Interno #1: Ejecutar contract
2021-03-29 06:59:16 [2@villa]
Interno #1: Ejecutar infocom
2021-03-29 07:06:25 [2@villa]
Interno #1: Ejecutar mailgate
2021-03-29 07:11:34 [2@villa]
Interno #1: Ejecutar session
2021-03-29 07:17:54 [2@villa]
Interno #1: Ejecutar graph
2021-03-29 07:20:54 [@villa]
Interno #1: Lanzar reservation
2021-03-29 07:21:15 [@villa]
Interno #1: Lanzar closeticket
2021-03-29 07:22:12 [@villa]
Interno #1: Lanzar alertnotclosed
2021-03-29 07:27:51 [@villa]
Interno #1: Lanzar slaticket
2021-03-29 09:07:03 [@villa]
Interno #1: Lanzar mailgateerror
2021-03-29 09:34:30 [2@villa]
Interno #1: Ejecutar createinquest
2021-03-29 09:44:10 [2@villa]
Interno #1: Ejecutar watcher
2021-03-29 09:49:46 [2@villa]
Interno #1: Ejecutar ticketrecurrent
2021-03-29 09:56:40 [2@villa]
Interno #1: Ejecutar planningrecall
2021-03-29 10:02:48 [2@villa]
Interno #1: Ejecutar queuednotification
2021-03-29 12:16:12 [2@villa]
Interno #1: Ejecutar queuednotificationclean
2021-03-29 12:59:30 [@villa]
Interno #1: Lanzar mailgateerror
2021-03-29 13:07:10 [2@villa]
Interno #1: Ejecutar createinquest
2021-03-29 13:24:21 [2@villa]
Interno #1: Ejecutar watcher
2021-03-29 13:32:51 [2@villa]
Interno #1: Ejecutar ticketrecurrent
2021-03-29 13:39:59 [2@villa]
Interno #1: Ejecutar planningrecall
2021-03-29 15:06:59 [2@villa]
Interno #1: Ejecutar queuednotification
2021-03-29 15:24:11 [2@villa]
Interno #1: Ejecutar queuednotificationclean
2021-03-29 16:12:35 [2@villa]
Interno #1: Ejecutar temp
2021-03-29 16:20:37 [@villa]
Interno #1: Lanzar mailgateerror
2021-03-29 16:20:42 [@villa]
Interno #1: Lanzar createinquest
2021-03-29 16:29:25 [2@villa]
Interno #1: Ejecutar watcher
2021-03-29 16:35:58 [2@villa]
Interno #1: Ejecutar ticketrecurrent
2021-03-29 16:49:36 [2@villa]
Interno #1: Ejecutar planningrecall
2021-03-29 16:55:50 [2@villa]
Interno #1: Ejecutar queuednotification
2021-03-29 17:11:54 [2@villa]
Interno #1: Ejecutar queuednotificationclean
2021-03-29 19:16:33 [@villa]
Interno #1: Lanzar mailgateerror
2021-03-29 19:23:29 [2@villa]
Interno #1: Ejecutar createinquest
2021-03-29 19:23:59 [@villa]
Interno #1: Lanzar watcher
2021-03-29 19:24:25 [@villa]
Interno #1: Lanzar ticketrecurrent
2021-03-29 19:37:36 [@villa]
Interno #1: Lanzar mailgateerror
2021-03-29 19:42:30 [@villa]
Interno #1: Lanzar mailgateerror
2021-03-29 19:42:37 [@villa]
Interno #1: Lanzar createinquest
2021-03-29 19:42:49 [@villa]
Interno #1: Lanzar watcher
2021-03-29 19:43:14 [@villa]
Interno #1: Lanzar ticketrecurrent
2021-03-29 19:44:51 [@villa]
Interno #1: Lanzar planningrecall
2021-03-29 19:50:23 [3@villa]
Interno #1: Ejecutar queuednotification
2021-03-29 19:52:21 [@villa]
Interno #1: Lanzar queuednotificationclean
2021-03-29 19:58:52 [2@villa]
Interno #1: Ejecutar temp
2021-03-29 20:09:35 [2@villa]
Interno #1: Ejecutar contract
2021-03-29 20:20:31 [2@villa]
Interno #1: Ejecutar infocom
2021-03-29 20:21:03 [@villa]
Interno #1: Lanzar mailgate
2021-03-29 20:22:03 [@villa]
Interno #1: Lanzar session
