2021-03-27 18:40:10 [@villa]
[login] 3: glpi inició la sesión desde la IP ::1
2021-03-27 19:39:20 [@villa]
[login] 3: glpi inició la sesión desde la IP ::1
2021-03-27 20:04:09 [@villa]
[login] 3: Fallo en el inicio de sesión de  desde la IP ::1
2021-03-27 20:04:16 [@villa]
[login] 3: glpi inició la sesión desde la IP ::1
2021-03-27 20:23:05 [@villa]
[login] 3: glpi inició la sesión desde la IP ::1
2021-03-27 20:32:07 [@villa]
[login] 3: glpi inició la sesión desde la IP ::1
2021-03-27 20:34:57 [@villa]
[login] 3: glpi inició la sesión desde la IP ::1
2021-03-27 21:00:55 [@villa]
[login] 3: glpi inició la sesión desde la IP ::1
2021-03-27 21:01:07 [@villa]
[login] 3: glpi inició la sesión desde la IP ::1
2021-03-27 21:01:36 [@villa]
[login] 3: glpi inició la sesión desde la IP ::1
2021-03-27 22:51:50 [@villa]
[login] 3: Fallo en el inicio de sesión de  desde la IP ::1
2021-03-27 22:51:55 [@villa]
[login] 3: glpi inició la sesión desde la IP ::1
2021-03-27 23:38:13 [@villa]
[login] 3: Fallo en el inicio de sesión de glpi desde la IP ::1
2021-03-27 23:38:18 [@villa]
[login] 3: Fallo en el inicio de sesión de glpi desde la IP ::1
2021-03-27 23:38:23 [@villa]
[login] 3: Fallo en el inicio de sesión de glpi desde la IP ::1
2021-03-27 23:46:13 [@villa]
[login] 3: glpi inició la sesión desde la IP ::1
2021-03-28 00:50:22 [@villa]
[login] 3: Fallo en el inicio de sesión de  desde la IP ::1
2021-03-28 00:50:27 [@villa]
[login] 3: Fallo en el inicio de sesión de glpi desde la IP ::1
2021-03-28 02:03:46 [@villa]
[login] 3: glpi inició la sesión desde la IP ::1
2021-03-28 02:03:56 [@villa]
[login] 3: glpi inició la sesión desde la IP ::1
2021-03-28 02:06:08 [@villa]
[login] 3: Fallo en el inicio de sesión de  desde la IP ::1
2021-03-28 02:06:15 [@villa]
[login] 3: glpi inició la sesión desde la IP ::1
2021-03-28 02:12:19 [@villa]
[login] 3: glpi inició la sesión desde la IP ::1
2021-03-28 02:13:50 [@villa]
[login] 3: glpi inició la sesión desde la IP ::1
2021-03-28 02:17:29 [@villa]
[login] 3: glpi inició la sesión desde la IP ::1
2021-03-28 02:19:44 [@villa]
[login] 3: glpi inició la sesión desde la IP ::1
2021-03-28 02:20:59 [@villa]
[login] 3: glpi inició la sesión desde la IP ::1
2021-03-28 02:27:01 [@villa]
[login] 3: glpi inició la sesión desde la IP ::1
2021-03-28 02:46:42 [@villa]
[login] 3: glpi inició la sesión desde la IP ::1
2021-03-28 02:47:02 [@villa]
[login] 3: glpi inició la sesión desde la IP ::1
2021-03-28 02:52:26 [@villa]
[login] 3: glpi inició la sesión desde la IP ::1
2021-03-28 03:25:27 [@villa]
[login] 3: glpi inició la sesión desde la IP ::1
2021-03-28 03:33:37 [@villa]
[login] 3: Fallo en el inicio de sesión de glpi desde la IP ::1
2021-03-28 03:33:50 [@villa]
[login] 3: civikmind inició la sesión desde la IP ::1
2021-03-28 03:39:23 [@villa]
[login] 3: civikmind inició la sesión desde la IP ::1
2021-03-28 04:34:03 [@villa]
[login] 3: civikmind inició la sesión desde la IP ::1
2021-03-28 04:34:19 [@villa]
[login] 3: ciudadano inició la sesión desde la IP ::1
2021-03-28 05:07:22 [@villa]
[login] 3: civikmind inició la sesión desde la IP ::1
2021-03-28 06:46:30 [@villa]
[login] 3: civikmind inició la sesión desde la IP ::1
2021-03-28 13:40:35 [@villa]
[login] 3: civikmind inició la sesión desde la IP ::1
2021-03-28 13:43:28 [@villa]
[login] 3: civikmind inicio de sesión desde la IP ::1
2021-03-28 15:07:58 [@villa]
[login] 3: civikmind inició la sesión desde la IP ::1
2021-03-28 15:08:11 [@villa]
[login] 3: civikmind inició la sesión desde la IP ::1
2021-03-28 15:08:32 [@villa]
[login] 3: civikmind inició la sesión desde la IP ::1
2021-03-28 16:53:28 [@villa]
[login] 3: civikmind inició la sesión desde la IP ::1
2021-03-28 16:54:39 [@villa]
[login] 3: civikmind inició la sesión desde la IP ::1
2021-03-28 17:02:19 [@villa]
[login] 3: civikmind inició la sesión desde la IP ::1
2021-03-28 17:43:58 [@villa]
[login] 3: civikmind inició la sesión desde la IP ::1
2021-03-28 17:47:59 [@villa]
[login] 3: civikmind inició la sesión desde la IP ::1
2021-03-28 17:53:02 [@villa]
[login] 3: civikmind inició la sesión desde la IP ::1
2021-03-28 19:14:53 [@villa]
[login] 3: civikmind inició la sesión desde la IP ::1
2021-03-28 20:37:56 [@villa]
[login] 3: civikmind inició la sesión desde la IP ::1
2021-03-28 20:41:06 [@villa]
[login] 3: civikmind inició la sesión desde la IP ::1
2021-03-28 21:09:37 [@villa]
[login] 3: civikmind inició la sesión desde la IP ::1
2021-03-28 21:25:22 [@villa]
[login] 3: publicador inició la sesión desde la IP ::1
2021-03-28 21:27:21 [@villa]
[login] 3: civikmind inició la sesión desde la IP ::1
2021-03-28 21:29:01 [@villa]
[login] 3: civikmind inició la sesión desde la IP ::1
2021-03-28 21:51:05 [@villa]
[login] 3: civikmind inició la sesión desde la IP ::1
2021-03-29 00:44:49 [@villa]
[login] 3: civikmind inició la sesión desde la IP ::1
2021-03-29 06:05:57 [@villa]
[login] 3: civikmind inicio de sesión desde la IP ::1
2021-03-29 06:45:34 [@villa]
[login] 3: civikmind inicia sesión desde la IP ::1
2021-03-29 07:21:01 [@villa]
[login] 3: ciudadano inicia sesión desde la IP ::1
2021-03-29 07:21:18 [@villa]
[login] 3: civikmind inicia sesión desde la IP ::1
2021-03-29 07:22:20 [@villa]
[login] 3: publicador inicia sesión desde la IP ::1
2021-03-29 07:27:53 [@villa]
[login] 3: civikmind inicia sesión desde la IP ::1
2021-03-29 09:07:10 [@villa]
[login] 3: civikmind inicia sesión desde la IP ::1
2021-03-29 12:59:37 [@villa]
[login] 3: civikmind inicia sesión desde la IP ::1
2021-03-29 16:20:39 [@villa]
[login] 3: Inicio de sesión fallido para pruebas desde la IP ::1
2021-03-29 16:20:46 [@villa]
[login] 3: civikmind inicia sesión desde la IP ::1
2021-03-29 19:16:38 [@villa]
[login] 3: civikmind inicia sesión desde la IP ::1
2021-03-29 19:24:04 [@villa]
[login] 3: publicador inicia sesión desde la IP ::1
2021-03-29 19:24:29 [@villa]
[login] 3: civikmind inicia sesión desde la IP ::1
2021-03-29 19:37:39 [@villa]
[login] 3: civikmind inicia sesión desde la IP ::1
2021-03-29 19:42:33 [@villa]
[login] 3: civikmind inicia sesión desde la IP ::1
2021-03-29 19:42:45 [@villa]
[login] 3: Inicio de sesión fallido para ciudadano desde la IP ::1
2021-03-29 19:43:04 [@villa]
[login] 3: ciudadano inicia sesión desde la IP ::1
2021-03-29 19:43:16 [@villa]
[login] 3: ciudadano inicia sesión desde la IP ::1
2021-03-29 19:44:53 [@villa]
[login] 3: ciudadano inicia sesión desde la IP ::1
2021-03-29 19:52:26 [@villa]
[login] 3: civikmind inicia sesión desde la IP ::1
2021-03-29 20:21:10 [@villa]
[login] 3: veedor inicia sesión desde la IP ::1
