2017-11-17 05:08:55 [2@F-3542]
1 segundo for "Upgrading glpi_plugin_order_configs" @ 2017-11-17 05:08:55 [2@F-3542]
0 segundos for "Cambio de la estructura de la base de datos - glpi_plugin_order_configs" @ 2017-11-17 05:08:56 [2@F-3542]
0 segundos for "Cambio de la estructura de la base de datos - glpi_plugin_order_configs" @ 2017-11-17 05:08:56 [2@F-3542]
0 segundos for "Add default order state workflow" @ 2017-11-17 05:08:57 [2@F-3542]
1 segundo for "Upgrading glpi_plugin_order_orders" @ 2017-11-17 05:08:58 [2@F-3542]
1 segundo for "Cambio de la estructura de la base de datos - glpi_plugin_order_orders" @ 2017-11-17 05:08:59 [2@F-3542]
1 segundo for "Upgrading glpi_plugin_order_orders_items" @ 2017-11-17 05:08:59 [2@F-3542]
0 segundos for "Cambio de la estructura de la base de datos - glpi_plugin_order_orders_items" @ 2017-11-17 05:08:59 [2@F-3542]
0 segundos for "Cambio de la estructura de la base de datos - glpi_plugin_order_orders_items" @ 2017-11-17 05:08:59 [2@F-3542]
0 segundos for "Tarea terminada." @ 2017-11-17 05:09:00 [2@F-3542]
1 segundo for "Upgrading glpi_plugin_order_references" @ 2017-11-17 05:09:00 [2@F-3542]
0 segundos for "Cambio de la estructura de la base de datos - glpi_plugin_order_references" @ 2017-11-17 05:09:00 [2@F-3542]
0 segundos for "Upgrading glpi_plugin_order_deliverystates" @ 2017-11-17 05:09:00 [2@F-3542]
0 segundos for "Cambio de la estructura de la base de datos - glpi_plugin_order_deliverystates" @ 2017-11-17 05:09:01 [2@F-3542]
1 segundo for "Migrate PluginOrderOrder notifications" @ 2017-11-17 05:09:01 [2@F-3542]
0 segundos for "Cambio de la estructura de la base de datos - glpi_plugin_order_bills" @ 2017-11-17 05:09:01 [2@F-3542]
0 segundos for "Upgrading glpi_plugin_order_orderpayments" @ 2017-11-17 05:09:03 [2@F-3542]
2 segundos for "Cambio de la estructura de la base de datos - glpi_plugin_order_orderpayments" @ 2017-11-17 05:09:03 [2@F-3542]
0 segundos for "Upgrading glpi_plugin_order_references_suppliers" @ 2017-11-17 05:09:04 [2@F-3542]
1 segundo for "Cambio de la estructura de la base de datos - glpi_plugin_order_references_suppliers" @ 2017-11-17 05:09:04 [2@F-3542]
0 segundos for "Upgrading glpi_plugin_order_surveysuppliers" @ 2017-11-17 05:09:04 [2@F-3542]
0 segundos for "Cambio de la estructura de la base de datos - glpi_plugin_order_surveysuppliers" @ 2017-11-17 05:09:04 [2@F-3542]
0 segundos for "Migrating glpi_plugin_order_ordertaxes" @ 