2017-11-27 21:52:20 [@F-3542]
1 second for "Task completed." @ 2017-11-27 21:52:20 [@F-3542]
0 seconds for "optimize - Start" @ 2017-11-27 21:52:20 [@F-3542]
0 seconds for "optimize - glpi_alerts" @ 2017-11-27 21:52:20 [@F-3542]
0 seconds for "optimize - glpi_apiclients" @ 2017-11-27 21:52:20 [@F-3542]
0 seconds for "optimize - glpi_authldapreplicates" @ 2017-11-27 21:52:20 [@F-3542]
0 seconds for "optimize - glpi_authldaps" @ 2017-11-27 21:52:20 [@F-3542]
0 seconds for "optimize - glpi_authmails" @ 2017-11-27 21:52:20 [@F-3542]
0 seconds for "optimize - glpi_autoupdatesystems" @ 2017-11-27 21:52:20 [@F-3542]
0 seconds for "optimize - glpi_blacklistedmailcontents" @ 2017-11-27 21:52:20 [@F-3542]
0 seconds for "optimize - glpi_blacklists" @ 2017-11-27 21:52:20 [@F-3542]
0 seconds for "optimize - glpi_budgets" @ 2017-11-27 21:52:20 [@F-3542]
0 seconds for "optimize - glpi_budgettypes" @ 2017-11-27 21:52:20 [@F-3542]
0 seconds for "optimize - glpi_businesscriticities" @ 2017-11-27 21:52:20 [@F-3542]
0 seconds for "optimize - glpi_calendars" @ 2017-11-27 21:52:20 [@F-3542]
0 seconds for "optimize - glpi_calendars_holidays" @ 2017-11-27 21:52:21 [@F-3542]
0 seconds for "optimize - glpi_calendarsegments" @ 2017-11-27 21:52:21 [@F-3542]
0 seconds for "optimize - glpi_cartridgeitems" @ 2017-11-27 21:52:21 [@F-3542]
0 seconds for "optimize - glpi_cartridgeitems_printermodels" @ 2017-11-27 21:52:21 [@F-3542]
0 seconds for "optimize - glpi_cartridgeitemtypes" @ 2017-11-27 21:52:21 [@F-3542]
0 seconds for "optimize - glpi_cartridges" @ 2017-11-27 21:52:21 [@F-3542]
0 seconds for "optimize - glpi_certificates" @ 2017-11-27 21:52:21 [@F-3542]
0 seconds for "optimize - glpi_certificates_items" @ 2017-11-27 21:52:21 [@F-3542]
0 seconds for "optimize - glpi_certificatetypes" @ 2017-11-27 21:52:21 [@F-3542]
0 seconds for "optimize - glpi_changecosts" @ 2017-11-27 21:52:21 [@F-3542]
0 seconds for "optimize - glpi_changes" @ 2017-11-27 21:52:21 [@F-3542]
0 seconds for "optimize - glpi_changes_groups" @ 2017-11-27 21:52:21 [@F-3542]
0 seconds for "optimize - glpi_changes_items" @ 2017-11-27 21:52:21 [@F-3542]
0 seconds for "optimize - glpi_changes_problems" @ 2017-11-27 21:52:21 [@F-3542]
0 seconds for "optimize - glpi_changes_projects" @ 2017-11-27 21:52:21 [@F-3542]
0 seconds for "optimize - glpi_changes_suppliers" @ 2017-11-27 21:52:21 [@F-3542]
0 seconds for "optimize - glpi_changes_tickets" @ 2017-11-27 21:52:21 [@F-3542]
0 seconds for "optimize - glpi_changes_users" @ 2017-11-27 21:52:21 [@F-3542]
0 seconds for "optimize - glpi_changetasks" @ 2017-11-27 21:52:21 [@F-3542]
0 seconds for "optimize - glpi_changevalidations" @ 2017-11-27 21:52:21 [@F-3542]
0 seconds for "optimize - glpi_computerantiviruses" @ 2017-11-27 21:52:21 [@F-3542]
0 seconds for "optimize - glpi_computerdisks" @ 2017-11-27 21:52:21 [@F-3542]
0 seconds for "optimize - glpi_computermodels" @ 2017-11-27 21:52:21 [@F-3542]
0 seconds for "optimize - glpi_computers" @ 2017-11-27 21:52:21 [@F-3542]
0 seconds for "optimize - glpi_computers_items" @ 2017-11-27 21:52:21 [@F-3542]
0 seconds for "optimize - glpi_computers_softwarelicenses" @ 2017-11-27 21:52:21 [@F-3542]
0 seconds for "optimize - glpi_computers_softwareversions" @ 2017-11-27 21:52:21 [@F-3542]
0 seconds for "optimize - glpi_computertypes" @ 2017-11-27 21:52:21 [@F-3542]
0 seconds for "optimize - glpi_computervirtualmachines" @ 2017-11-27 21:52:21 [@F-3542]
0 seconds for "optimize - glpi_configs" @ 2017-11-27 21:52:21 [@F-3542]
0 seconds for "optimize - glpi_consumableitems" @ 2017-11-27 21:52:21 [@F-3542]
0 seconds for "optimize - glpi_consumableitemtypes" @ 2017-11-27 21:52:21 [@F-3542]
0 seconds for "optimize - glpi_consumables" @ 2017-11-27 21:52:21 [@F-3542]
0 seconds for "optimize - glpi_contacts" @ 2017-11-27 21:52:21 [@F-3542]
0 seconds for "optimize - glpi_contacts_suppliers" @ 2017-11-27 21:52:21 [@F-3542]
0 seconds for "optimize - glpi_contacttypes" @ 2017-11-27 21:52:22 [@F-3542]
1 second for "optimize - glpi_contractcosts" @ 2017-11-27 21:52:22 [@F-3542]
0 seconds for "optimize - glpi_contracts" @ 2017-11-27 21:52:22 [@F-3542]
0 seconds for "optimize - glpi_contracts_items" @ 2017-11-27 21:52:22 [@F-3542]
0 seconds for "optimize - glpi_contracts_suppliers" @ 2017-11-27 21:52:22 [@F-3542]
0 seconds for "optimize - glpi_contracttypes" @ 2017-11-27 21:52:22 [@F-3542]
0 seconds for "optimize - glpi_crontasklogs" @ 2017-11-27 21:52:22 [@F-3542]
0 seconds for "optimize - glpi_crontasks" @ 2017-11-27 21:52:22 [@F-3542]
0 seconds for "optimize - glpi_devicecasemodels" @ 2017-11-27 21:52:22 [@F-3542]
0 seconds for "optimize - glpi_devicecases" @ 2017-11-27 21:52:22 [@F-3542]
0 seconds for "optimize - glpi_devicecasetypes" @ 2017-11-27 21:52:22 [@F-3542]
0 seconds for "optimize - glpi_devicecontrolmodels" @ 2017-11-27 21:52:22 [@F-3542]
0 seconds for "optimize - glpi_devicecontrols" @ 2017-11-27 21:52:22 [@F-3542]
0 seconds for "optimize - glpi_devicedrivemodels" @ 2017-11-27 21:52:22 [@F-3542]
0 seconds for "optimize - glpi_devicedrives" @ 2017-11-27 21:52:22 [@F-3542]
0 seconds for "optimize - glpi_devicegenericmodels" @ 2017-11-27 21:52:22 [@F-3542]
0 seconds for "optimize - glpi_devicegenerics" @ 2017-11-27 21:52:22 [@F-3542]
0 seconds for "optimize - glpi_devicegenerictypes" @ 2017-11-27 21:52:22 [@F-3542]
0 seconds for "optimize - glpi_devicegraphiccardmodels" @ 2017-11-27 21:52:22 [@F-3542]
0 seconds for "optimize - glpi_devicegraphiccards" @ 2017-11-27 21:52:22 [@F-3542]
0 seconds for "optimize - glpi_deviceharddrivemodels" @ 2017-11-27 21:52:22 [@F-3542]
0 seconds for "optimize - glpi_deviceharddrives" @ 2017-11-27 21:52:22 [@F-3542]
0 seconds for "optimize - glpi_devicememories" @ 2017-11-27 21:52:22 [@F-3542]
0 seconds for "optimize - glpi_devicememorymodels" @ 2017-11-27 21:52:22 [@F-3542]
0 seconds for "optimize - glpi_devicememorytypes" @ 2017-11-27 21:52:22 [@F-3542]
0 seconds for "optimize - glpi_devicemotherboardmodels" @ 2017-11-27 21:52:22 [@F-3542]
0 seconds for "optimize - glpi_devicemotherboards" @ 2017-11-27 21:52:22 [@F-3542]
0 seconds for "optimize - glpi_devicenetworkcardmodels" @ 2017-11-27 21:52:22 [@F-3542]
0 seconds for "optimize - glpi_devicenetworkcards" @ 2017-11-27 21:52:22 [@F-3542]
0 seconds for "optimize - glpi_devicepcimodels" @ 2017-11-27 21:52:22 [@F-3542]
0 seconds for "optimize - glpi_devicepcis" @ 2017-11-27 21:52:22 [@F-3542]
0 seconds for "optimize - glpi_devicepowersupplies" @ 2017-11-27 21:52:22 [@F-3542]
0 seconds for "optimize - glpi_devicepowersupplymodels" @ 2017-11-27 21:52:22 [@F-3542]
0 seconds for "optimize - glpi_deviceprocessormodels" @ 2017-11-27 21:52:22 [@F-3542]
0 seconds for "optimize - glpi_deviceprocessors" @ 2017-11-27 21:52:22 [@F-3542]
0 seconds for "optimize - glpi_devicesensormodels" @ 2017-11-27 21:52:22 [@F-3542]
0 seconds for "optimize - glpi_devicesensors" @ 2017-11-27 21:52:22 [@F-3542]
0 seconds for "optimize - glpi_devicesensortypes" @ 2017-11-27 21:52:22 [@F-3542]
0 seconds for "optimize - glpi_devicesimcards" @ 2017-11-27 21:52:22 [@F-3542]
0 seconds for "optimize - glpi_devicesimcardtypes" @ 2017-11-27 21:52:22 [@F-3542]
0 seconds for "optimize - glpi_devicesoundcardmodels" @ 2017-11-27 21:52:22 [@F-3542]
0 seconds for "optimize - glpi_devicesoundcards" @ 2017-11-27 21:52:22 [@F-3542]
0 seconds for "optimize - glpi_displaypreferences" @ 2017-11-27 21:52:22 [@F-3542]
0 seconds for "optimize - glpi_documentcategories" @ 2017-11-27 21:52:22 [@F-3542]
0 seconds for "optimize - glpi_documents" @ 2017-11-27 21:52:22 [@F-3542]
0 seconds for "optimize - glpi_documents_items" @ 2017-11-27 21:52:23 [@F-3542]
1 second for "optimize - glpi_documenttypes" @ 2017-11-27 21:52:23 [@F-3542]
0 seconds for "optimize - glpi_domains" @ 2017-11-27 21:52:23 [@F-3542]
0 seconds for "optimize - glpi_dropdowntranslations" @ 2017-11-27 21:52:23 [@F-3542]
0 seconds for "optimize - glpi_entities" @ 2017-11-27 21:52:23 [@F-3542]
0 seconds for "optimize - glpi_entities_knowbaseitems" @ 2017-11-27 21:52:23 [@F-3542]
0 seconds for "optimize - glpi_entities_reminders" @ 2017-11-27 21:52:23 [@F-3542]
0 seconds for "optimize - glpi_entities_rssfeeds" @ 2017-11-27 21:52:23 [@F-3542]
0 seconds for "optimize - glpi_events" @ 2017-11-27 21:52:23 [@F-3542]
0 seconds for "optimize - glpi_fieldblacklists" @ 2017-11-27 21:52:23 [@F-3542]
0 seconds for "optimize - glpi_fieldunicities" @ 2017-11-27 21:52:23 [@F-3542]
0 seconds for "optimize - glpi_filesystems" @ 2017-11-27 21:52:23 [@F-3542]
0 seconds for "optimize - glpi_fqdns" @ 2017-11-27 21:52:23 [@F-3542]
0 seconds for "optimize - glpi_groups" @ 2017-11-27 21:52:23 [@F-3542]
0 seconds for "optimize - glpi_groups_knowbaseitems" @ 2017-11-27 21:52:23 [@F-3542]
0 seconds for "optimize - glpi_groups_problems" @ 2017-11-27 21:52:23 [@F-3542]
0 seconds for "optimize - glpi_groups_reminders" @ 2017-11-27 21:52:23 [@F-3542]
0 seconds for "optimize - glpi_groups_rssfeeds" @ 2017-11-27 21:52:23 [@F-3542]
0 seconds for "optimize - glpi_groups_tickets" @ 2017-11-27 21:52:23 [@F-3542]
0 seconds for "optimize - glpi_groups_users" @ 2017-11-27 21:52:23 [@F-3542]
0 seconds for "optimize - glpi_holidays" @ 2017-11-27 21:52:23 [@F-3542]
0 seconds for "optimize - glpi_infocoms" @ 2017-11-27 21:52:23 [@F-3542]
0 seconds for "optimize - glpi_interfacetypes" @ 2017-11-27 21:52:23 [@F-3542]
0 seconds for "optimize - glpi_ipaddresses" @ 2017-11-27 21:52:23 [@F-3542]
0 seconds for "optimize - glpi_ipaddresses_ipnetworks" @ 2017-11-27 21:52:23 [@F-3542]
0 seconds for "optimize - glpi_ipnetworks" @ 2017-11-27 21:52:23 [@F-3542]
0 seconds for "optimize - glpi_ipnetworks_vlans" @ 2017-11-27 21:52:23 [@F-3542]
0 seconds for "optimize - glpi_items_devicecases" @ 2017-11-27 21:52:23 [@F-3542]
0 seconds for "optimize - glpi_items_devicecontrols" @ 2017-11-27 21:52:23 [@F-3542]
0 seconds for "optimize - glpi_items_devicedrives" @ 2017-11-27 21:52:23 [@F-3542]
0 seconds for "optimize - glpi_items_devicegenerics" @ 2017-11-27 21:52:23 [@F-3542]
0 seconds for "optimize - glpi_items_devicegraphiccards" @ 2017-11-27 21:52:23 [@F-3542]
0 seconds for "optimize - glpi_items_deviceharddrives" @ 2017-11-27 21:52:23 [@F-3542]
0 seconds for "optimize - glpi_items_devicememories" @ 2017-11-27 21:52:23 [@F-3542]
0 seconds for "optimize - glpi_items_devicemotherboards" @ 2017-11-27 21:52:23 [@F-3542]
0 seconds for "optimize - glpi_items_devicenetworkcards" @ 2017-11-27 21:52:23 [@F-3542]
0 seconds for "optimize - glpi_items_devicepcis" @ 2017-11-27 21:52:23 [@F-3542]
0 seconds for "optimize - glpi_items_devicepowersupplies" @ 2017-11-27 21:52:23 [@F-3542]
0 seconds for "optimize - glpi_items_deviceprocessors" @ 2017-11-27 21:52:24 [@F-3542]
1 second for "optimize - glpi_items_devicesensors" @ 2017-11-27 21:52:24 [@F-3542]
0 seconds for "optimize - glpi_items_devicesimcards" @ 2017-11-27 21:52:24 [@F-3542]
0 seconds for "optimize - glpi_items_devicesoundcards" @ 2017-11-27 21:52:24 [@F-3542]
0 seconds for "optimize - glpi_items_operatingsystems" @ 2017-11-27 21:52:24 [@F-3542]
0 seconds for "optimize - glpi_items_problems" @ 2017-11-27 21:52:24 [@F-3542]
0 seconds for "optimize - glpi_items_projects" @ 2017-11-27 21:52:24 [@F-3542]
0 seconds for "optimize - glpi_items_tickets" @ 2017-11-27 21:52:24 [@F-3542]
0 seconds for "optimize - glpi_itilcategories" @ 2017-11-27 21:52:24 [@F-3542]
0 seconds for "optimize - glpi_knowbaseitemcategories" @ 2017-11-27 21:52:24 [@F-3542]
0 seconds for "optimize - glpi_knowbaseitems" @ 2017-11-27 21:52:24 [@F-3542]
0 seconds for "optimize - glpi_knowbaseitems_profiles" @ 2017-11-27 21:52:24 [@F-3542]
0 seconds for "optimize - glpi_knowbaseitems_users" @ 2017-11-27 21:52:24 [@F-3542]
0 seconds for "optimize - glpi_knowbaseitemtranslations" @ 2017-11-27 21:52:24 [@F-3542]
0 seconds for "optimize - glpi_lineoperators" @ 2017-11-27 21:52:24 [@F-3542]
0 seconds for "optimize - glpi_lines" @ 2017-11-27 21:52:24 [@F-3542]
0 seconds for "optimize - glpi_linetypes" @ 2017-11-27 21:52:24 [@F-3542]
0 seconds for "optimize - glpi_links" @ 2017-11-27 21:52:24 [@F-3542]
0 seconds for "optimize - glpi_links_itemtypes" @ 2017-11-27 21:52:24 [@F-3542]
0 seconds for "optimize - glpi_locations" @ 2017-11-27 21:52:24 [@F-3542]
0 seconds for "optimize - glpi_logs" @ 2017-11-27 21:52:24 [@F-3542]
0 seconds for "optimize - glpi_mailcollectors" @ 2017-11-27 21:52:24 [@F-3542]
0 seconds for "optimize - glpi_manufacturers" @ 2017-11-27 21:52:24 [@F-3542]
0 seconds for "optimize - glpi_monitormodels" @ 2017-11-27 21:52:24 [@F-3542]
0 seconds for "optimize - glpi_monitors" @ 2017-11-27 21:52:24 [@F-3542]
0 seconds for "optimize - glpi_monitortypes" @ 2017-11-27 21:52:24 [@F-3542]
0 seconds for "optimize - glpi_netpoints" @ 2017-11-27 21:52:24 [@F-3542]
0 seconds for "optimize - glpi_networkaliases" @ 2017-11-27 21:52:24 [@F-3542]
0 seconds for "optimize - glpi_networkequipmentmodels" @ 2017-11-27 21:52:24 [@F-3542]
0 seconds for "optimize - glpi_networkequipments" @ 2017-11-27 21:52:24 [@F-3542]
0 seconds for "optimize - glpi_networkequipmenttypes" @ 2017-11-27 21:52:24 [@F-3542]
0 seconds for "optimize - glpi_networkinterfaces" @ 2017-11-27 21:52:24 [@F-3542]
0 seconds for "optimize - glpi_networknames" @ 2017-11-27 21:52:24 [@F-3542]
0 seconds for "optimize - glpi_networkportaggregates" @ 2017-11-27 21:52:24 [@F-3542]
0 seconds for "optimize - glpi_networkportaliases" @ 2017-11-27 21:52:24 [@F-3542]
0 seconds for "optimize - glpi_networkportdialups" @ 2017-11-27 21:52:24 [@F-3542]
0 seconds for "optimize - glpi_networkportethernets" @ 2017-11-27 21:52:24 [@F-3542]
0 seconds for "optimize - glpi_networkportfiberchannels" @ 2017-11-27 21:52:24 [@F-3542]
0 seconds for "optimize - glpi_networkportlocals" @ 2017-11-27 21:52:24 [@F-3542]
0 seconds for "optimize - glpi_networkports" @ 2017-11-27 21:52:24 [@F-3542]
0 seconds for "optimize - glpi_networkports_networkports" @ 2017-11-27 21:52:24 [@F-3542]
0 seconds for "optimize - glpi_networkports_vlans" @ 2017-11-27 21:52:24 [@F-3542]
0 seconds for "optimize - glpi_networkportwifis" @ 2017-11-27 21:52:24 [@F-3542]
0 seconds for "optimize - glpi_networks" @ 2017-11-27 21:52:24 [@F-3542]
0 seconds for "optimize - glpi_notepads" @ 2017-11-27 21:52:24 [@F-3542]
0 seconds for "optimize - glpi_notifications" @ 2017-11-27 21:52:24 [@F-3542]
0 seconds for "optimize - glpi_notifications_notificationtemplates" @ 2017-11-27 21:52:24 [@F-3542]
0 seconds for "optimize - glpi_notificationtargets" @ 2017-11-27 21:52:24 [@F-3542]
0 seconds for "optimize - glpi_notificationtemplates" @ 2017-11-27 21:52:24 [@F-3542]
0 seconds for "optimize - glpi_notificationtemplatetranslations" @ 2017-11-27 21:52:24 [@F-3542]
0 seconds for "optimize - glpi_notimportedemails" @ 2017-11-27 21:52:24 [@F-3542]
0 seconds for "optimize - glpi_objectlocks" @ 2017-11-27 21:52:24 [@F-3542]
0 seconds for "optimize - glpi_olalevelactions" @ 2017-11-27 21:52:24 [@F-3542]
0 seconds for "optimize - glpi_olalevelcriterias" @ 2017-11-27 21:52:24 [@F-3542]
0 seconds for "optimize - glpi_olalevels" @ 2017-11-27 21:52:25 [@F-3542]
1 second for "optimize - glpi_olalevels_tickets" @ 2017-11-27 21:52:25 [@F-3542]
0 seconds for "optimize - glpi_olas" @ 2017-11-27 21:52:25 [@F-3542]
0 seconds for "optimize - glpi_operatingsystemarchitectures" @ 2017-11-27 21:52:25 [@F-3542]
0 seconds for "optimize - glpi_operatingsystemeditions" @ 2017-11-27 21:52:25 [@F-3542]
0 seconds for "optimize - glpi_operatingsystemkernels" @ 2017-11-27 21:52:25 [@F-3542]
0 seconds for "optimize - glpi_operatingsystemkernelversions" @ 2017-11-27 21:52:25 [@F-3542]
0 seconds for "optimize - glpi_operatingsystems" @ 2017-11-27 21:52:25 [@F-3542]
0 seconds for "optimize - glpi_operatingsystemservicepacks" @ 2017-11-27 21:52:25 [@F-3542]
0 seconds for "optimize - glpi_operatingsystemversions" @ 2017-11-27 21:52:25 [@F-3542]
0 seconds for "optimize - glpi_peripheralmodels" @ 2017-11-27 21:52:25 [@F-3542]
0 seconds for "optimize - glpi_peripherals" @ 2017-11-27 21:52:25 [@F-3542]
0 seconds for "optimize - glpi_peripheraltypes" @ 2017-11-27 21:52:25 [@F-3542]
0 seconds for "optimize - glpi_phonemodels" @ 2017-11-27 21:52:25 [@F-3542]
0 seconds for "optimize - glpi_phonepowersupplies" @ 2017-11-27 21:52:25 [@F-3542]
0 seconds for "optimize - glpi_phones" @ 2017-11-27 21:52:25 [@F-3542]
0 seconds for "optimize - glpi_phonetypes" @ 2017-11-27 21:52:25 [@F-3542]
0 seconds for "optimize - glpi_planningrecalls" @ 2017-11-27 21:52:25 [@F-3542]
0 seconds for "optimize - glpi_plugins" @ 2017-11-27 21:52:25 [@F-3542]
0 seconds for "optimize - glpi_printermodels" @ 2017-11-27 21:52:25 [@F-3542]
0 seconds for "optimize - glpi_printers" @ 2017-11-27 21:52:25 [@F-3542]
0 seconds for "optimize - glpi_printertypes" @ 2017-11-27 21:52:25 [@F-3542]
0 seconds for "optimize - glpi_problemcosts" @ 2017-11-27 21:52:25 [@F-3542]
0 seconds for "optimize - glpi_problems" @ 2017-11-27 21:52:25 [@F-3542]
0 seconds for "optimize - glpi_problems_suppliers" @ 2017-11-27 21:52:25 [@F-3542]
0 seconds for "optimize - glpi_problems_tickets" @ 2017-11-27 21:52:25 [@F-3542]
0 seconds for "optimize - glpi_problems_users" @ 2017-11-27 21:52:25 [@F-3542]
0 seconds for "optimize - glpi_problemtasks" @ 2017-11-27 21:52:25 [@F-3542]
0 seconds for "optimize - glpi_profilerights" @ 2017-11-27 21:52:25 [@F-3542]
0 seconds for "optimize - glpi_profiles" @ 2017-11-27 21:52:25 [@F-3542]
0 seconds for "optimize - glpi_profiles_reminders" @ 2017-11-27 21:52:25 [@F-3542]
0 seconds for "optimize - glpi_profiles_rssfeeds" @ 2017-11-27 21:52:25 [@F-3542]
0 seconds for "optimize - glpi_profiles_users" @ 2017-11-27 21:52:25 [@F-3542]
0 seconds for "optimize - glpi_projectcosts" @ 2017-11-27 21:52:25 [@F-3542]
0 seconds for "optimize - glpi_projects" @ 2017-11-27 21:52:25 [@F-3542]
0 seconds for "optimize - glpi_projectstates" @ 2017-11-27 21:52:25 [@F-3542]
0 seconds for "optimize - glpi_projecttasks" @ 2017-11-27 21:52:25 [@F-3542]
0 seconds for "optimize - glpi_projecttasks_tickets" @ 2017-11-27 21:52:25 [@F-3542]
0 seconds for "optimize - glpi_projecttaskteams" @ 2017-11-27 21:52:25 [@F-3542]
0 seconds for "optimize - glpi_projecttasktemplates" @ 2017-11-27 21:52:25 [@F-3542]
0 seconds for "optimize - glpi_projecttasktypes" @ 2017-11-27 21:52:25 [@F-3542]
0 seconds for "optimize - glpi_projectteams" @ 2017-11-27 21:52:25 [@F-3542]
0 seconds for "optimize - glpi_projecttypes" @ 2017-11-27 21:52:26 [@F-3542]
1 second for "optimize - glpi_queuednotifications" @ 2017-11-27 21:52:26 [@F-3542]
0 seconds for "optimize - glpi_registeredids" @ 2017-11-27 21:52:26 [@F-3542]
0 seconds for "optimize - glpi_reminders" @ 2017-11-27 21:52:26 [@F-3542]
0 seconds for "optimize - glpi_reminders_users" @ 2017-11-27 21:52:26 [@F-3542]
0 seconds for "optimize - glpi_requesttypes" @ 2017-11-27 21:52:26 [@F-3542]
0 seconds for "optimize - glpi_reservationitems" @ 2017-11-27 21:52:26 [@F-3542]
0 seconds for "optimize - glpi_reservations" @ 2017-11-27 21:52:26 [@F-3542]
0 seconds for "optimize - glpi_rssfeeds" @ 2017-11-27 21:52:26 [@F-3542]
0 seconds for "optimize - glpi_rssfeeds_users" @ 2017-11-27 21:52:26 [@F-3542]
0 seconds for "optimize - glpi_ruleactions" @ 2017-11-27 21:52:26 [@F-3542]
0 seconds for "optimize - glpi_rulecriterias" @ 2017-11-27 21:52:26 [@F-3542]
0 seconds for "optimize - glpi_rulerightparameters" @ 2017-11-27 21:52:26 [@F-3542]
0 seconds for "optimize - glpi_rules" @ 2017-11-27 21:52:26 [@F-3542]
0 seconds for "optimize - glpi_savedsearches" @ 2017-11-27 21:52:26 [@F-3542]
0 seconds for "optimize - glpi_savedsearches_alerts" @ 2017-11-27 21:52:26 [@F-3542]
0 seconds for "optimize - glpi_savedsearches_users" @ 2017-11-27 21:52:26 [@F-3542]
0 seconds for "optimize - glpi_slalevelactions" @ 2017-11-27 21:52:26 [@F-3542]
0 seconds for "optimize - glpi_slalevelcriterias" @ 2017-11-27 21:52:26 [@F-3542]
0 seconds for "optimize - glpi_slalevels" @ 2017-11-27 21:52:26 [@F-3542]
0 seconds for "optimize - glpi_slalevels_tickets" @ 2017-11-27 21:52:26 [@F-3542]
0 seconds for "optimize - glpi_slas" @ 2017-11-27 21:52:26 [@F-3542]
0 seconds for "optimize - glpi_slms" @ 2017-11-27 21:52:26 [@F-3542]
0 seconds for "optimize - glpi_softwarecategories" @ 2017-11-27 21:52:26 [@F-3542]
0 seconds for "optimize - glpi_softwarelicenses" @ 2017-11-27 21:52:27 [@F-3542]
1 second for "optimize - glpi_softwarelicensetypes" @ 2017-11-27 21:52:27 [@F-3542]
0 seconds for "optimize - glpi_softwares" @ 2017-11-27 21:52:27 [@F-3542]
0 seconds for "optimize - glpi_softwareversions" @ 2017-11-27 21:52:27 [@F-3542]
0 seconds for "optimize - glpi_solutiontemplates" @ 2017-11-27 21:52:27 [@F-3542]
0 seconds for "optimize - glpi_solutiontypes" @ 2017-11-27 21:52:27 [@F-3542]
0 seconds for "optimize - glpi_ssovariables" @ 2017-11-27 21:52:27 [@F-3542]
0 seconds for "optimize - glpi_states" @ 2017-11-27 21:52:27 [@F-3542]
0 seconds for "optimize - glpi_suppliers" @ 2017-11-27 21:52:27 [@F-3542]
0 seconds for "optimize - glpi_suppliers_tickets" @ 2017-11-27 21:52:27 [@F-3542]
0 seconds for "optimize - glpi_suppliertypes" @ 2017-11-27 21:52:27 [@F-3542]
0 seconds for "optimize - glpi_taskcategories" @ 2017-11-27 21:52:27 [@F-3542]
0 seconds for "optimize - glpi_tasktemplates" @ 2017-11-27 21:52:27 [@F-3542]
0 seconds for "optimize - glpi_ticketcosts" @ 2017-11-27 21:52:27 [@F-3542]
0 seconds for "optimize - glpi_ticketfollowups" @ 2017-11-27 21:52:27 [@F-3542]
0 seconds for "optimize - glpi_ticketrecurrents" @ 2017-11-27 21:52:27 [@F-3542]
0 seconds for "optimize - glpi_tickets" @ 2017-11-27 21:52:27 [@F-3542]
0 seconds for "optimize - glpi_tickets_tickets" @ 2017-11-27 21:52:27 [@F-3542]
0 seconds for "optimize - glpi_tickets_users" @ 2017-11-27 21:52:27 [@F-3542]
0 seconds for "optimize - glpi_ticketsatisfactions" @ 2017-11-27 21:52:27 [@F-3542]
0 seconds for "optimize - glpi_tickettasks" @ 2017-11-27 21:52:27 [@F-3542]
0 seconds for "optimize - glpi_tickettemplatehiddenfields" @ 2017-11-27 21:52:27 [@F-3542]
0 seconds for "optimize - glpi_tickettemplatemandatoryfields" @ 2017-11-27 21:52:27 [@F-3542]
0 seconds for "optimize - glpi_tickettemplatepredefinedfields" @ 