[2021-03-27 23:25:43] glpisqllog.ERROR: DBmysql::query() in /var/www/html/glpi/inc/dbmysql.class.php line 309
  *** MySQL query error:
  SQL: ALTER TABLE `glpi_configs`
  ADD PRIMARY KEY (`id`),
  ADD UNIQUE KEY `unicity` (`context`,`name`)
  Error: Multiple primary key defined
  Backtrace :
  inc/dbmysql.class.php:831                          
  inc/toolbox.class.php:2493                         DBmysql->runFile()
  install/install.php:405                            Toolbox::createSchema()
  install/install.php:676                            step4()
  {"user":"@villa"} 
[2021-03-27 23:26:41] glpisqllog.ERROR: DBmysql::query() in /var/www/html/glpi/inc/dbmysql.class.php line 309
  *** MySQL query error:
  SQL: SELECT * FROM `glpi_plugins` WHERE `state` = '1'
  Error: Table 'pruebas.glpi_plugins' doesn't exist
  Backtrace :
  inc/dbmysqliterator.class.php:95                   
  inc/dbmysql.class.php:876                          DBmysqlIterator->execute()
  inc/commondbtm.class.php:469                       DBmysql->request()
  inc/plugin.class.php:392                           CommonDBTM->find()
  inc/plugin.class.php:208                           Plugin->checkStates()
  inc/includes.php:106                               Plugin->init()
  index.php:55                                       include()
  {"user":"@villa"} 
[2021-03-27 23:26:41] glpisqllog.ERROR: DBmysql::query() in /var/www/html/glpi/inc/dbmysql.class.php line 309
  *** MySQL query error:
  SQL: SELECT * FROM `glpi_plugins` WHERE `state` IN ('1', '3')
  Error: Table 'pruebas.glpi_plugins' doesn't exist
  Backtrace :
  inc/dbmysqliterator.class.php:95                   
  inc/dbmysql.class.php:876                          DBmysqlIterator->execute()
  inc/commondbtm.class.php:469                       DBmysql->request()
  inc/plugin.class.php:210                           CommonDBTM->find()
  inc/includes.php:106                               Plugin->init()
  index.php:55                                       include()
  {"user":"@villa","mem_usage":"0.001\", 1.62Mio)"} 
[2021-03-27 23:26:41] glpisqllog.ERROR: DBmysql::query() in /var/www/html/glpi/inc/dbmysql.class.php line 309
  *** MySQL query error:
  SQL: SELECT * FROM `glpi_entities` WHERE `glpi_entities`.`id` = '0' LIMIT 1
  Error: Table 'pruebas.glpi_entities' doesn't exist
  Backtrace :
  inc/dbmysqliterator.class.php:95                   
  inc/dbmysql.class.php:876                          DBmysqlIterator->execute()
  inc/commondbtm.class.php:270                       DBmysql->request()
  index.php:95                                       CommonDBTM->getFromDB()
  {"user":"@villa","mem_usage":"0.004\", 2.39Mio)"} 
[2021-03-27 23:26:41] glpisqllog.ERROR: DBmysql::query() in /var/www/html/glpi/inc/dbmysql.class.php line 309
  *** MySQL query error:
  SQL: SELECT * FROM `glpi_entities` WHERE `glpi_entities`.`id` = '0' LIMIT 1
  Error: Table 'pruebas.glpi_entities' doesn't exist
  Backtrace :
  inc/dbmysqliterator.class.php:95                   
  inc/dbmysql.class.php:876                          DBmysqlIterator->execute()
  inc/commondbtm.class.php:270                       DBmysql->request()
  inc/entity.class.php:2811                          CommonDBTM->getFromDB()
  inc/entity.class.php:2288                          Entity::getUsedConfig()
  index.php:96                                       Entity->getCustomCssTag()
  {"user":"@villa","mem_usage":"0.002\", 2.39Mio)"} 
[2021-03-27 23:26:41] glpisqllog.ERROR: DBmysql::query() in /var/www/html/glpi/inc/dbmysql.class.php line 309
  *** MySQL query error:
  SQL: SELECT * FROM `glpi_entities` WHERE `glpi_entities`.`id` = '0' LIMIT 1
  Error: Table 'pruebas.glpi_entities' doesn't exist
  Backtrace :
  inc/dbmysqliterator.class.php:95                   
  inc/dbmysql.class.php:876                          DBmysqlIterator->execute()
  inc/commondbtm.class.php:270                       DBmysql->request()
  inc/entity.class.php:2811                          CommonDBTM->getFromDB()
  inc/entity.class.php:2298                          Entity::getUsedConfig()
  index.php:96                                       Entity->getCustomCssTag()
  {"user":"@villa","mem_usage":"0.001\", 2.39Mio)"} 
[2021-03-27 23:26:41] glpisqllog.ERROR: DBmysql::query() in /var/www/html/glpi/inc/dbmysql.class.php line 309
  *** MySQL query error:
  SQL: SELECT * FROM `glpi_plugins` WHERE `state` = '1'
  Error: Table 'pruebas.glpi_plugins' doesn't exist
  Backtrace :
  inc/dbmysqliterator.class.php:95                   
  inc/dbmysql.class.php:876                          DBmysqlIterator->execute()
  inc/commondbtm.class.php:469                       DBmysql->request()
  inc/plugin.class.php:392                           CommonDBTM->find()
  inc/plugin.class.php:208                           Plugin->checkStates()
  inc/includes.php:106                               Plugin->init()
  front/cron.php:38                                  include()
  {"user":"@villa"} 
[2021-03-27 23:26:41] glpisqllog.ERROR: DBmysql::query() in /var/www/html/glpi/inc/dbmysql.class.php line 309
  *** MySQL query error:
  SQL: SELECT * FROM `glpi_plugins` WHERE `state` IN ('1', '3')
  Error: Table 'pruebas.glpi_plugins' doesn't exist
  Backtrace :
  inc/dbmysqliterator.class.php:95                   
  inc/dbmysql.class.php:876                          DBmysqlIterator->execute()
  inc/commondbtm.class.php:469                       DBmysql->request()
  inc/plugin.class.php:210                           CommonDBTM->find()
  inc/includes.php:106                               Plugin->init()
  front/cron.php:38                                  include()
  {"user":"@villa","mem_usage":"0.002\", 1.62Mio)"} 
[2021-03-27 23:26:41] glpisqllog.ERROR: DBmysql::query() in /var/www/html/glpi/inc/dbmysql.class.php line 309
  *** MySQL query error:
  SQL: SELECT *, LOCATE('Plugin', `itemtype`) AS ISPLUGIN FROM `glpi_crontasks` WHERE  NOT (`itemtype` LIKE 'Plugin%') AND `state` = '1' AND `mode` = '1' AND (((((`hourmin` < `hourmax`) AND `hourmin` <= '23' AND `hourmax` > '23')) OR ((`hourmin` > `hourmax` AND (`hourmin` <= '23' OR `hourmax` > '23'))))) AND ((`lastrun` IS NULL OR unix_timestamp(`lastrun`) + `frequency` <= unix_timestamp(now()))) ORDER BY `ISPLUGIN`, unix_timestamp(`lastrun`)+`frequency`
  Error: Table 'pruebas.glpi_crontasks' doesn't exist
  Backtrace :
  inc/dbmysqliterator.class.php:95                   
  inc/dbmysql.class.php:876                          DBmysqlIterator->execute()
  inc/crontask.class.php:428                         DBmysql->request()
  inc/crontask.class.php:830                         CronTask->getNeedToRun()
  front/cron.php:61                                  CronTask::launch()
  {"user":"@villa","mem_usage":"0.005\", 2.38Mio)"} 
[2021-03-27 23:26:46] glpisqllog.ERROR: DBmysql::query() in /var/www/html/glpi/inc/dbmysql.class.php line 309
  *** MySQL query error:
  SQL: SELECT * FROM `glpi_plugins` WHERE `state` = '1'
  Error: Table 'pruebas.glpi_plugins' doesn't exist
  Backtrace :
  inc/dbmysqliterator.class.php:95                   
  inc/dbmysql.class.php:876                          DBmysqlIterator->execute()
  inc/commondbtm.class.php:469                       DBmysql->request()
  inc/plugin.class.php:392                           CommonDBTM->find()
  inc/plugin.class.php:208                           Plugin->checkStates()
  inc/includes.php:106                               Plugin->init()
  front/login.php:37                                 include()
  {"user":"@villa"} 
[2021-03-27 23:26:46] glpisqllog.ERROR: DBmysql::query() in /var/www/html/glpi/inc/dbmysql.class.php line 309
  *** MySQL query error:
  SQL: SELECT * FROM `glpi_plugins` WHERE `state` IN ('1', '3')
  Error: Table 'pruebas.glpi_plugins' doesn't exist
  Backtrace :
  inc/dbmysqliterator.class.php:95                   
  inc/dbmysql.class.php:876                          DBmysqlIterator->execute()
  inc/commondbtm.class.php:469                       DBmysql->request()
  inc/plugin.class.php:210                           CommonDBTM->find()
  inc/includes.php:106                               Plugin->init()
  front/login.php:37                                 include()
  {"user":"@villa","mem_usage":"0.001\", 1.63Mio)"} 
[2021-03-27 23:26:46] glpisqllog.ERROR: DBmysql::query() in /var/www/html/glpi/inc/dbmysql.class.php line 309
  *** MySQL query error:
  SQL: SELECT `id`, `password`, ADDDATE(`password_last_update`, INTERVAL -1 DAY) AS `password_expiration_date`, ADDDATE(`password_last_update`, INTERVAL -2 DAY) AS `lock_date` FROM `glpi_users` WHERE `name` = 'glpi' AND `authtype` = '1' AND `auths_id` = '0'
  Error: Table 'pruebas.glpi_users' doesn't exist
  Backtrace :
  inc/dbmysqliterator.class.php:95                   
  inc/dbmysql.class.php:876                          DBmysqlIterator->execute()
  inc/auth.class.php:395                             DBmysql->request()
  inc/auth.class.php:837                             Auth->connection_db()
  front/login.php:84                                 Auth->login()
  {"user":"@villa","mem_usage":"0.003\", 1.65Mio)"} 
[2021-03-27 23:26:46] glpisqllog.ERROR: DBmysql::query() in /var/www/html/glpi/inc/dbmysql.class.php line 309
  *** MySQL query error:
  SQL: SHOW COLUMNS FROM `glpi_events`
  Error: Table 'pruebas.glpi_events' doesn't exist
  Backtrace :
  inc/dbmysql.class.php:691                          
  inc/commondbtm.class.php:500                       DBmysql->listFields()
  inc/commondbtm.class.php:3328                      CommonDBTM->getEmpty()
  inc/commondbtm.class.php:3705                      CommonDBTM->isField()
  inc/commondbtm.class.php:3644                      CommonDBTM->rawSearchOptions()
  inc/commondbtm.class.php:3951                      CommonDBTM->searchOptions()
  inc/commondbtm.class.php:4023                      CommonDBTM->getSearchOptionByField()
  inc/commondbtm.class.php:1121                      CommonDBTM->filterValues()
  inc/event.class.php:112                            CommonDBTM->add()
  inc/auth.class.php:959                             Glpi\Event::log()
  front/login.php:84                                 Auth->login()
  {"user":"@villa","mem_usage":"0.004\", 2.42Mio)"} 
[2021-03-27 23:26:46] glpisqllog.ERROR: DBmysql::query() in /var/www/html/glpi/inc/dbmysql.class.php line 309
  *** MySQL query error:
  SQL: SHOW COLUMNS FROM `glpi_events`
  Error: Table 'pruebas.glpi_events' doesn't exist
  Backtrace :
  inc/dbmysql.class.php:691                          
  inc/commondbtm.class.php:500                       DBmysql->listFields()
  inc/commondbtm.class.php:3328                      CommonDBTM->getEmpty()
  inc/commondbtm.class.php:3717                      CommonDBTM->isField()
  inc/commondbtm.class.php:3644                      CommonDBTM->rawSearchOptions()
  inc/commondbtm.class.php:3951                      CommonDBTM->searchOptions()
  inc/commondbtm.class.php:4023                      CommonDBTM->getSearchOptionByField()
  inc/commondbtm.class.php:1121                      CommonDBTM->filterValues()
  inc/event.class.php:112                            CommonDBTM->add()
  inc/auth.class.php:959                             Glpi\Event::log()
  front/login.php:84                                 Auth->login()
  {"user":"@villa","mem_usage":"0.001\", 2.42Mio)"} 
[2021-03-27 23:26:46] glpisqllog.ERROR: DBmysql::query() in /var/www/html/glpi/inc/dbmysql.class.php line 309
  *** MySQL query error:
  SQL: SHOW COLUMNS FROM `glpi_events`
  Error: Table 'pruebas.glpi_events' doesn't exist
  Backtrace :
  inc/dbmysql.class.php:691                          
  inc/commondbtm.class.php:1129                      DBmysql->listFields()
  inc/event.class.php:112                            CommonDBTM->add()
  inc/auth.class.php:959                             Glpi\Event::log()
  front/login.php:84                                 Auth->login()
  {"user":"@villa","mem_usage":"0.001\", 2.54Mio)"} 
[2021-03-27 23:26:46] glpisqllog.ERROR: DBmysql::query() in /var/www/html/glpi/inc/dbmysql.class.php line 309
  *** MySQL query error:
  SQL: SELECT * FROM `glpi_entities` WHERE `glpi_entities`.`id` = '0' LIMIT 1
  Error: Table 'pruebas.glpi_entities' doesn't exist
  Backtrace :
  inc/dbmysqliterator.class.php:95                   
  inc/dbmysql.class.php:876                          DBmysqlIterator->execute()
  inc/commondbtm.class.php:270                       DBmysql->request()
  inc/html.class.php:1412                            CommonDBTM->getFromDB()
  inc/html.class.php:2018                            Html::includeHeader()
  front/login.php:88                                 Html::nullHeader()
  {"user":"@villa","mem_usage":"0.001\", 2.54Mio)"} 
[2021-03-27 23:26:46] glpisqllog.ERROR: DBmysql::query() in /var/www/html/glpi/inc/dbmysql.class.php line 309
  *** MySQL query error:
  SQL: SELECT * FROM `glpi_entities` WHERE `glpi_entities`.`id` = '0' LIMIT 1
  Error: Table 'pruebas.glpi_entities' doesn't exist
  Backtrace :
  inc/dbmysqliterator.class.php:95                   
  inc/dbmysql.class.php:876                          DBmysqlIterator->execute()
  inc/commondbtm.class.php:270                       DBmysql->request()
  inc/entity.class.php:2811                          CommonDBTM->getFromDB()
  inc/entity.class.php:2288                          Entity::getUsedConfig()
  inc/html.class.php:1414                            Entity->getCustomCssTag()
  inc/html.class.php:2018                            Html::includeHeader()
  front/login.php:88                                 Html::nullHeader()
  {"user":"@villa","mem_usage":"0.001\", 2.54Mio)"} 
[2021-03-27 23:26:46] glpisqllog.ERROR: DBmysql::query() in /var/www/html/glpi/inc/dbmysql.class.php line 309
  *** MySQL query error:
  SQL: SELECT * FROM `glpi_entities` WHERE `glpi_entities`.`id` = '0' LIMIT 1
  Error: Table 'pruebas.glpi_entities' doesn't exist
  Backtrace :
  inc/dbmysqliterator.class.php:95                   
  inc/dbmysql.class.php:876                          DBmysqlIterator->execute()
  inc/commondbtm.class.php:270                       DBmysql->request()
  inc/entity.class.php:2811                          CommonDBTM->getFromDB()
  inc/entity.class.php:2298                          Entity::getUsedConfig()
  inc/html.class.php:1414                            Entity->getCustomCssTag()
  inc/html.class.php:2018                            Html::includeHeader()
  front/login.php:88                                 Html::nullHeader()
  {"user":"@villa","mem_usage":"0.001\", 2.54Mio)"} 
[2021-03-27 23:26:50] glpisqllog.ERROR: DBmysql::query() in /var/www/html/glpi/inc/dbmysql.class.php line 309
  *** MySQL query error:
  SQL: SELECT * FROM `glpi_plugins` WHERE `state` = '1'
  Error: Table 'pruebas.glpi_plugins' doesn't exist
  Backtrace :
  inc/dbmysqliterator.class.php:95                   
  inc/dbmysql.class.php:876                          DBmysqlIterator->execute()
  inc/commondbtm.class.php:469                       DBmysql->request()
  inc/plugin.class.php:392                           CommonDBTM->find()
  inc/plugin.class.php:208                           Plugin->checkStates()
  inc/includes.php:106                               Plugin->init()
  front/logout.php:37                                include()
  {"user":"@villa"} 
[2021-03-27 23:26:50] glpisqllog.ERROR: DBmysql::query() in /var/www/html/glpi/inc/dbmysql.class.php line 309
  *** MySQL query error:
  SQL: SELECT * FROM `glpi_plugins` WHERE `state` IN ('1', '3')
  Error: Table 'pruebas.glpi_plugins' doesn't exist
  Backtrace :
  inc/dbmysqliterator.class.php:95                   
  inc/dbmysql.class.php:876                          DBmysqlIterator->execute()
  inc/commondbtm.class.php:469                       DBmysql->request()
  inc/plugin.class.php:210                           CommonDBTM->find()
  inc/includes.php:106                               Plugin->init()
  front/logout.php:37                                include()
  {"user":"@villa","mem_usage":"0.001\", 1.62Mio)"} 
[2021-03-27 23:26:50] glpisqllog.ERROR: DBmysql::query() in /var/www/html/glpi/inc/dbmysql.class.php line 309
  *** MySQL query error:
  SQL: SELECT * FROM `glpi_plugins` WHERE `state` = '1'
  Error: Table 'pruebas.glpi_plugins' doesn't exist
  Backtrace :
  inc/dbmysqliterator.class.php:95                   
  inc/dbmysql.class.php:876                          DBmysqlIterator->execute()
  inc/commondbtm.class.php:469                       DBmysql->request()
  inc/plugin.class.php:392                           CommonDBTM->find()
  inc/plugin.class.php:208                           Plugin->checkStates()
  inc/includes.php:106                               Plugin->init()
  index.php:55                                       include()
  {"user":"@villa"} 
[2021-03-27 23:26:50] glpisqllog.ERROR: DBmysql::query() in /var/www/html/glpi/inc/dbmysql.class.php line 309
  *** MySQL query error:
  SQL: SELECT * FROM `glpi_plugins` WHERE `state` IN ('1', '3')
  Error: Table 'pruebas.glpi_plugins' doesn't exist
  Backtrace :
  inc/dbmysqliterator.class.php:95                   
  inc/dbmysql.class.php:876                          DBmysqlIterator->execute()
  inc/commondbtm.class.php:469                       DBmysql->request()
  inc/plugin.class.php:210                           CommonDBTM->find()
  inc/includes.php:106                               Plugin->init()
  index.php:55                                       include()
  {"user":"@villa","mem_usage":"0.001\", 1.62Mio)"} 
[2021-03-27 23:26:50] glpisqllog.ERROR: DBmysql::query() in /var/www/html/glpi/inc/dbmysql.class.php line 309
  *** MySQL query error:
  SQL: SELECT * FROM `glpi_entities` WHERE `glpi_entities`.`id` = '0' LIMIT 1
  Error: Table 'pruebas.glpi_entities' doesn't exist
  Backtrace :
  inc/dbmysqliterator.class.php:95                   
  inc/dbmysql.class.php:876                          DBmysqlIterator->execute()
  inc/commondbtm.class.php:270                       DBmysql->request()
  index.php:95                                       CommonDBTM->getFromDB()
  {"user":"@villa","mem_usage":"0.004\", 2.38Mio)"} 
[2021-03-27 23:26:50] glpisqllog.ERROR: DBmysql::query() in /var/www/html/glpi/inc/dbmysql.class.php line 309
  *** MySQL query error:
  SQL: SELECT * FROM `glpi_entities` WHERE `glpi_entities`.`id` = '0' LIMIT 1
  Error: Table 'pruebas.glpi_entities' doesn't exist
  Backtrace :
  inc/dbmysqliterator.class.php:95                   
  inc/dbmysql.class.php:876                          DBmysqlIterator->execute()
  inc/commondbtm.class.php:270                       DBmysql->request()
  inc/entity.class.php:2811                          CommonDBTM->getFromDB()
  inc/entity.class.php:2288                          Entity::getUsedConfig()
  index.php:96                                       Entity->getCustomCssTag()
  {"user":"@villa","mem_usage":"0.001\", 2.38Mio)"} 
[2021-03-27 23:26:50] glpisqllog.ERROR: DBmysql::query() in /var/www/html/glpi/inc/dbmysql.class.php line 309
  *** MySQL query error:
  SQL: SELECT * FROM `glpi_entities` WHERE `glpi_entities`.`id` = '0' LIMIT 1
  Error: Table 'pruebas.glpi_entities' doesn't exist
  Backtrace :
  inc/dbmysqliterator.class.php:95                   
  inc/dbmysql.class.php:876                          DBmysqlIterator->execute()
  inc/commondbtm.class.php:270                       DBmysql->request()
  inc/entity.class.php:2811                          CommonDBTM->getFromDB()
  inc/entity.class.php:2298                          Entity::getUsedConfig()
  index.php:96                                       Entity->getCustomCssTag()
  {"user":"@villa","mem_usage":"0.001\", 2.38Mio)"} 
[2021-03-27 23:26:50] glpisqllog.ERROR: DBmysql::query() in /var/www/html/glpi/inc/dbmysql.class.php line 309
  *** MySQL query error:
  SQL: SELECT * FROM `glpi_plugins` WHERE `state` = '1'
  Error: Table 'pruebas.glpi_plugins' doesn't exist
  Backtrace :
  inc/dbmysqliterator.class.php:95                   
  inc/dbmysql.class.php:876                          DBmysqlIterator->execute()
  inc/commondbtm.class.php:469                       DBmysql->request()
  inc/plugin.class.php:392                           CommonDBTM->find()
  inc/plugin.class.php:208                           Plugin->checkStates()
  inc/includes.php:106                               Plugin->init()
  front/cron.php:38                                  include()
  {"user":"@villa"} 
[2021-03-27 23:26:50] glpisqllog.ERROR: DBmysql::query() in /var/www/html/glpi/inc/dbmysql.class.php line 309
  *** MySQL query error:
  SQL: SELECT * FROM `glpi_plugins` WHERE `state` IN ('1', '3')
  Error: Table 'pruebas.glpi_plugins' doesn't exist
  Backtrace :
  inc/dbmysqliterator.class.php:95                   
  inc/dbmysql.class.php:876                          DBmysqlIterator->execute()
  inc/commondbtm.class.php:469                       DBmysql->request()
  inc/plugin.class.php:210                           CommonDBTM->find()
  inc/includes.php:106                               Plugin->init()
  front/cron.php:38                                  include()
  {"user":"@villa","mem_usage":"0.001\", 1.62Mio)"} 
[2021-03-27 23:26:50] glpisqllog.ERROR: DBmysql::query() in /var/www/html/glpi/inc/dbmysql.class.php line 309
  *** MySQL query error:
  SQL: SELECT *, LOCATE('Plugin', `itemtype`) AS ISPLUGIN FROM `glpi_crontasks` WHERE  NOT (`itemtype` LIKE 'Plugin%') AND `state` = '1' AND `mode` = '1' AND (((((`hourmin` < `hourmax`) AND `hourmin` <= '23' AND `hourmax` > '23')) OR ((`hourmin` > `hourmax` AND (`hourmin` <= '23' OR `hourmax` > '23'))))) AND ((`lastrun` IS NULL OR unix_timestamp(`lastrun`) + `frequency` <= unix_timestamp(now()))) ORDER BY `ISPLUGIN`, unix_timestamp(`lastrun`)+`frequency`
  Error: Table 'pruebas.glpi_crontasks' doesn't exist
  Backtrace :
  inc/dbmysqliterator.class.php:95                   
  inc/dbmysql.class.php:876                          DBmysqlIterator->execute()
  inc/crontask.class.php:428                         DBmysql->request()
  inc/crontask.class.php:830                         CronTask->getNeedToRun()
  front/cron.php:61                                  CronTask::launch()
  {"user":"@villa","mem_usage":"0.005\", 2.38Mio)"} 
[2021-03-27 23:26:54] glpisqllog.ERROR: DBmysql::query() in /var/www/html/glpi/inc/dbmysql.class.php line 309
  *** MySQL query error:
  SQL: SELECT * FROM `glpi_plugins` WHERE `state` = '1'
  Error: Table 'pruebas.glpi_plugins' doesn't exist
  Backtrace :
  inc/dbmysqliterator.class.php:95                   
  inc/dbmysql.class.php:876                          DBmysqlIterator->execute()
  inc/commondbtm.class.php:469                       DBmysql->request()
  inc/plugin.class.php:392                           CommonDBTM->find()
  inc/plugin.class.php:208                           Plugin->checkStates()
  inc/includes.php:106                               Plugin->init()
  front/login.php:37                                 include()
  {"user":"@villa"} 
[2021-03-27 23:26:54] glpisqllog.ERROR: DBmysql::query() in /var/www/html/glpi/inc/dbmysql.class.php line 309
  *** MySQL query error:
  SQL: SELECT * FROM `glpi_plugins` WHERE `state` IN ('1', '3')
  Error: Table 'pruebas.glpi_plugins' doesn't exist
  Backtrace :
  inc/dbmysqliterator.class.php:95                   
  inc/dbmysql.class.php:876                          DBmysqlIterator->execute()
  inc/commondbtm.class.php:469                       DBmysql->request()
  inc/plugin.class.php:210                           CommonDBTM->find()
  inc/includes.php:106                               Plugin->init()
  front/login.php:37                                 include()
  {"user":"@villa","mem_usage":"0.001\", 1.63Mio)"} 
[2021-03-27 23:26:54] glpisqllog.ERROR: DBmysql::query() in /var/www/html/glpi/inc/dbmysql.class.php line 309
  *** MySQL query error:
  SQL: SELECT `id`, `password`, ADDDATE(`password_last_update`, INTERVAL -1 DAY) AS `password_expiration_date`, ADDDATE(`password_last_update`, INTERVAL -2 DAY) AS `lock_date` FROM `glpi_users` WHERE `name` = 'glpi' AND `authtype` = '1' AND `auths_id` = '0'
  Error: Table 'pruebas.glpi_users' doesn't exist
  Backtrace :
  inc/dbmysqliterator.class.php:95                   
  inc/dbmysql.class.php:876                          DBmysqlIterator->execute()
  inc/auth.class.php:395                             DBmysql->request()
  inc/auth.class.php:837                             Auth->connection_db()
  front/login.php:84                                 Auth->login()
  {"user":"@villa","mem_usage":"0.003\", 1.64Mio)"} 
[2021-03-27 23:26:54] glpisqllog.ERROR: DBmysql::query() in /var/www/html/glpi/inc/dbmysql.class.php line 309
  *** MySQL query error:
  SQL: SHOW COLUMNS FROM `glpi_events`
  Error: Table 'pruebas.glpi_events' doesn't exist
  Backtrace :
  inc/dbmysql.class.php:691                          
  inc/commondbtm.class.php:500                       DBmysql->listFields()
  inc/commondbtm.class.php:3328                      CommonDBTM->getEmpty()
  inc/commondbtm.class.php:3705                      CommonDBTM->isField()
  inc/commondbtm.class.php:3644                      CommonDBTM->rawSearchOptions()
  inc/commondbtm.class.php:3951                      CommonDBTM->searchOptions()
  inc/commondbtm.class.php:4023                      CommonDBTM->getSearchOptionByField()
  inc/commondbtm.class.php:1121                      CommonDBTM->filterValues()
  inc/event.class.php:112                            CommonDBTM->add()
  inc/auth.class.php:959                             Glpi\Event::log()
  front/login.php:84                                 Auth->login()
  {"user":"@villa","mem_usage":"0.004\", 2.40Mio)"} 
[2021-03-27 23:26:54] glpisqllog.ERROR: DBmysql::query() in /var/www/html/glpi/inc/dbmysql.class.php line 309
  *** MySQL query error:
  SQL: SHOW COLUMNS FROM `glpi_events`
  Error: Table 'pruebas.glpi_events' doesn't exist
  Backtrace :
  inc/dbmysql.class.php:691                          
  inc/commondbtm.class.php:500                       DBmysql->listFields()
  inc/commondbtm.class.php:3328                      CommonDBTM->getEmpty()
  inc/commondbtm.class.php:3717                      CommonDBTM->isField()
  inc/commondbtm.class.php:3644                      CommonDBTM->rawSearchOptions()
  inc/commondbtm.class.php:3951                      CommonDBTM->searchOptions()
  inc/commondbtm.class.php:4023                      CommonDBTM->getSearchOptionByField()
  inc/commondbtm.class.php:1121                      CommonDBTM->filterValues()
  inc/event.class.php:112                            CommonDBTM->add()
  inc/auth.class.php:959                             Glpi\Event::log()
  front/login.php:84                                 Auth->login()
  {"user":"@villa","mem_usage":"0.001\", 2.40Mio)"} 
[2021-03-27 23:26:54] glpisqllog.ERROR: DBmysql::query() in /var/www/html/glpi/inc/dbmysql.class.php line 309
  *** MySQL query error:
  SQL: SHOW COLUMNS FROM `glpi_events`
  Error: Table 'pruebas.glpi_events' doesn't exist
  Backtrace :
  inc/dbmysql.class.php:691                          
  inc/commondbtm.class.php:1129                      DBmysql->listFields()
  inc/event.class.php:112                            CommonDBTM->add()
  inc/auth.class.php:959                             Glpi\Event::log()
  front/login.php:84                                 Auth->login()
  {"user":"@villa","mem_usage":"0.001\", 2.53Mio)"} 
[2021-03-27 23:26:54] glpisqllog.ERROR: DBmysql::query() in /var/www/html/glpi/inc/dbmysql.class.php line 309
  *** MySQL query error:
  SQL: SELECT * FROM `glpi_entities` WHERE `glpi_entities`.`id` = '0' LIMIT 1
  Error: Table 'pruebas.glpi_entities' doesn't exist
  Backtrace :
  inc/dbmysqliterator.class.php:95                   
  inc/dbmysql.class.php:876                          DBmysqlIterator->execute()
  inc/commondbtm.class.php:270                       DBmysql->request()
  inc/html.class.php:1412                            CommonDBTM->getFromDB()
  inc/html.class.php:2018                            Html::includeHeader()
  front/login.php:88                                 Html::nullHeader()
  {"user":"@villa","mem_usage":"0.001\", 2.53Mio)"} 
[2021-03-27 23:26:54] glpisqllog.ERROR: DBmysql::query() in /var/www/html/glpi/inc/dbmysql.class.php line 309
  *** MySQL query error:
  SQL: SELECT * FROM `glpi_entities` WHERE `glpi_entities`.`id` = '0' LIMIT 1
  Error: Table 'pruebas.glpi_entities' doesn't exist
  Backtrace :
  inc/dbmysqliterator.class.php:95                   
  inc/dbmysql.class.php:876                          DBmysqlIterator->execute()
  inc/commondbtm.class.php:270                       DBmysql->request()
  inc/entity.class.php:2811                          CommonDBTM->getFromDB()
  inc/entity.class.php:2288                          Entity::getUsedConfig()
  inc/html.class.php:1414                            Entity->getCustomCssTag()
  inc/html.class.php:2018                            Html::includeHeader()
  front/login.php:88                                 Html::nullHeader()
  {"user":"@villa","mem_usage":"0.001\", 2.53Mio)"} 
[2021-03-27 23:26:54] glpisqllog.ERROR: DBmysql::query() in /var/www/html/glpi/inc/dbmysql.class.php line 309
  *** MySQL query error:
  SQL: SELECT * FROM `glpi_entities` WHERE `glpi_entities`.`id` = '0' LIMIT 1
  Error: Table 'pruebas.glpi_entities' doesn't exist
  Backtrace :
  inc/dbmysqliterator.class.php:95                   
  inc/dbmysql.class.php:876                          DBmysqlIterator->execute()
  inc/commondbtm.class.php:270                       DBmysql->request()
  inc/entity.class.php:2811                          CommonDBTM->getFromDB()
  inc/entity.class.php:2298                          Entity::getUsedConfig()
  inc/html.class.php:1414                            Entity->getCustomCssTag()
  inc/html.class.php:2018                            Html::includeHeader()
  front/login.php:88                                 Html::nullHeader()
  {"user":"@villa","mem_usage":"0.001\", 2.53Mio)"} 
[2021-03-27 23:26:57] glpisqllog.ERROR: DBmysql::query() in /var/www/html/glpi/inc/dbmysql.class.php line 309
  *** MySQL query error:
  SQL: SELECT * FROM `glpi_plugins` WHERE `state` = '1'
  Error: Table 'pruebas.glpi_plugins' doesn't exist
  Backtrace :
  inc/dbmysqliterator.class.php:95                   
  inc/dbmysql.class.php:876                          DBmysqlIterator->execute()
  inc/commondbtm.class.php:469                       DBmysql->request()
  inc/plugin.class.php:392                           CommonDBTM->find()
  inc/plugin.class.php:208                           Plugin->checkStates()
  inc/includes.php:106                               Plugin->init()
  front/logout.php:37                                include()
  {"user":"@villa"} 
[2021-03-27 23:26:57] glpisqllog.ERROR: DBmysql::query() in /var/www/html/glpi/inc/dbmysql.class.php line 309
  *** MySQL query error:
  SQL: SELECT * FROM `glpi_plugins` WHERE `state` IN ('1', '3')
  Error: Table 'pruebas.glpi_plugins' doesn't exist
  Backtrace :
  inc/dbmysqliterator.class.php:95                   
  inc/dbmysql.class.php:876                          DBmysqlIterator->execute()
  inc/commondbtm.class.php:469                       DBmysql->request()
  inc/plugin.class.php:210                           CommonDBTM->find()
  inc/includes.php:106                               Plugin->init()
  front/logout.php:37                                include()
  {"user":"@villa","mem_usage":"0.002\", 1.62Mio)"} 
[2021-03-27 23:26:57] glpisqllog.ERROR: DBmysql::query() in /var/www/html/glpi/inc/dbmysql.class.php line 309
  *** MySQL query error:
  SQL: SELECT * FROM `glpi_plugins` WHERE `state` = '1'
  Error: Table 'pruebas.glpi_plugins' doesn't exist
  Backtrace :
  inc/dbmysqliterator.class.php:95                   
  inc/dbmysql.class.php:876                          DBmysqlIterator->execute()
  inc/commondbtm.class.php:469                       DBmysql->request()
  inc/plugin.class.php:392                           CommonDBTM->find()
  inc/plugin.class.php:208                           Plugin->checkStates()
  inc/includes.php:106                               Plugin->init()
  index.php:55                                       include()
  {"user":"@villa"} 
[2021-03-27 23:26:57] glpisqllog.ERROR: DBmysql::query() in /var/www/html/glpi/inc/dbmysql.class.php line 309
  *** MySQL query error:
  SQL: SELECT * FROM `glpi_plugins` WHERE `state` IN ('1', '3')
  Error: Table 'pruebas.glpi_plugins' doesn't exist
  Backtrace :
  inc/dbmysqliterator.class.php:95                   
  inc/dbmysql.class.php:876                          DBmysqlIterator->execute()
  inc/commondbtm.class.php:469                       DBmysql->request()
  inc/plugin.class.php:210                           CommonDBTM->find()
  inc/includes.php:106                               Plugin->init()
  index.php:55                                       include()
  {"user":"@villa","mem_usage":"0.001\", 1.62Mio)"} 
[2021-03-27 23:26:57] glpisqllog.ERROR: DBmysql::query() in /var/www/html/glpi/inc/dbmysql.class.php line 309
  *** MySQL query error:
  SQL: SELECT * FROM `glpi_entities` WHERE `glpi_entities`.`id` = '0' LIMIT 1
  Error: Table 'pruebas.glpi_entities' doesn't exist
  Backtrace :
  inc/dbmysqliterator.class.php:95                   
  inc/dbmysql.class.php:876                          DBmysqlIterator->execute()
  inc/commondbtm.class.php:270                       DBmysql->request()
  index.php:95                                       CommonDBTM->getFromDB()
  {"user":"@villa","mem_usage":"0.004\", 2.38Mio)"} 
[2021-03-27 23:26:57] glpisqllog.ERROR: DBmysql::query() in /var/www/html/glpi/inc/dbmysql.class.php line 309
  *** MySQL query error:
  SQL: SELECT * FROM `glpi_entities` WHERE `glpi_entities`.`id` = '0' LIMIT 1
  Error: Table 'pruebas.glpi_entities' doesn't exist
  Backtrace :
  inc/dbmysqliterator.class.php:95                   
  inc/dbmysql.class.php:876                          DBmysqlIterator->execute()
  inc/commondbtm.class.php:270                       DBmysql->request()
  inc/entity.class.php:2811                          CommonDBTM->getFromDB()
  inc/entity.class.php:2288                          Entity::getUsedConfig()
  index.php:96                                       Entity->getCustomCssTag()
  {"user":"@villa","mem_usage":"0.001\", 2.38Mio)"} 
[2021-03-27 23:26:57] glpisqllog.ERROR: DBmysql::query() in /var/www/html/glpi/inc/dbmysql.class.php line 309
  *** MySQL query error:
  SQL: SELECT * FROM `glpi_entities` WHERE `glpi_entities`.`id` = '0' LIMIT 1
  Error: Table 'pruebas.glpi_entities' doesn't exist
  Backtrace :
  inc/dbmysqliterator.class.php:95                   
  inc/dbmysql.class.php:876                          DBmysqlIterator->execute()
  inc/commondbtm.class.php:270                       DBmysql->request()
  inc/entity.class.php:2811                          CommonDBTM->getFromDB()
  inc/entity.class.php:2298                          Entity::getUsedConfig()
  index.php:96                                       Entity->getCustomCssTag()
  {"user":"@villa","mem_usage":"0.001\", 2.38Mio)"} 
[2021-03-27 23:26:57] glpisqllog.ERROR: DBmysql::query() in /var/www/html/glpi/inc/dbmysql.class.php line 309
  *** MySQL query error:
  SQL: SELECT * FROM `glpi_plugins` WHERE `state` = '1'
  Error: Table 'pruebas.glpi_plugins' doesn't exist
  Backtrace :
  inc/dbmysqliterator.class.php:95                   
  inc/dbmysql.class.php:876                          DBmysqlIterator->execute()
  inc/commondbtm.class.php:469                       DBmysql->request()
  inc/plugin.class.php:392                           CommonDBTM->find()
  inc/plugin.class.php:208                           Plugin->checkStates()
  inc/includes.php:106                               Plugin->init()
  front/cron.php:38                                  include()
  {"user":"@villa"} 
[2021-03-27 23:26:57] glpisqllog.ERROR: DBmysql::query() in /var/www/html/glpi/inc/dbmysql.class.php line 309
  *** MySQL query error:
  SQL: SELECT * FROM `glpi_plugins` WHERE `state` IN ('1', '3')
  Error: Table 'pruebas.glpi_plugins' doesn't exist
  Backtrace :
  inc/dbmysqliterator.class.php:95                   
  inc/dbmysql.class.php:876                          DBmysqlIterator->execute()
  inc/commondbtm.class.php:469                       DBmysql->request()
  inc/plugin.class.php:210                           CommonDBTM->find()
  inc/includes.php:106                               Plugin->init()
  front/cron.php:38                                  include()
  {"user":"@villa","mem_usage":"0.002\", 1.62Mio)"} 
[2021-03-27 23:26:57] glpisqllog.ERROR: DBmysql::query() in /var/www/html/glpi/inc/dbmysql.class.php line 309
  *** MySQL query error:
  SQL: SELECT *, LOCATE('Plugin', `itemtype`) AS ISPLUGIN FROM `glpi_crontasks` WHERE  NOT (`itemtype` LIKE 'Plugin%') AND `state` = '1' AND `mode` = '1' AND (((((`hourmin` < `hourmax`) AND `hourmin` <= '23' AND `hourmax` > '23')) OR ((`hourmin` > `hourmax` AND (`hourmin` <= '23' OR `hourmax` > '23'))))) AND ((`lastrun` IS NULL OR unix_timestamp(`lastrun`) + `frequency` <= unix_timestamp(now()))) ORDER BY `ISPLUGIN`, unix_timestamp(`lastrun`)+`frequency`
  Error: Table 'pruebas.glpi_crontasks' doesn't exist
  Backtrace :
  inc/dbmysqliterator.class.php:95                   
  inc/dbmysql.class.php:876                          DBmysqlIterator->execute()
  inc/crontask.class.php:428                         DBmysql->request()
  inc/crontask.class.php:830                         CronTask->getNeedToRun()
  front/cron.php:61                                  CronTask::launch()
  {"user":"@villa","mem_usage":"0.006\", 2.38Mio)"} 
[2021-03-28 00:36:07] glpisqllog.ERROR: DBmysql::query() in /var/www/html/glpi/inc/dbmysql.class.php line 309
  *** MySQL query error:
  SQL: INSERT INTO `glpi_logs` (`items_id`, `itemtype`, `itemtype_link`, `linked_action`, `user_name`, `date_mod`, `id_search_option`, `old_value`, `new_value`) VALUES ('1', 'Config', '', '0', 'glpi (2)', '2021-03-28 00:36:07', '1', 'priority_matrix {\"1\":{\"1\":\"1\",\"2\":\"1\",\"3\":\"2\",\"4\":\"2\",\"5\":\"2\"},\"2\":{\"1\":\"1\",\"2\":\"2\",\"3\":\"2\",\"4\":\"3\",\"5\":\"3\"},\"3\":{\"1\":\"2\",\"2\":\"2\",\"3\":\"3\",\"4\":\"4\",\"5\":\"4\"},\"4\":{\"1\":\"2\",\"2\":\"3\', '{\"1\":{\"1\":\"1\",\"2\":\"1\",\"3\":\"2\",\"4\":\"2\",\"5\":\"2\"},\"2\":{\"1\":\"1\",\"2\":\"2\",\"3\":\"2\",\"4\":\"3\",\"5\":\"3\"},\"3\":{\"1\":\"2\",\"2\":\"2\",\"3\":\"3\",\"4\":\"4\",\"5\":\"4\"},\"4\":{\"1\":\"2\",\"2\":\"3\",\"3\":\"4\",\"')
  Error: You have an error in your SQL syntax; check the manual that corresponds to your MySQL server version for the right syntax to use near '{\"1\":{\"1\":\"1\",\"2\":\"1\",\"3\":\"2\",\"4\":\"2\",\"5\":\"2\"},\"2\":{\"1\' at line 1
  Backtrace :
  inc/dbmysql.class.php:1148                         
  inc/log.class.php:239                              DBmysql->insert()
  inc/log.class.php:166                              Log::history()
  inc/config.class.php:3804                          Log::constructHistory()
  inc/config.class.php:3779                          Config->logConfigChange()
  inc/commondbtm.class.php:1568                      Config->post_updateItem()
  inc/config.class.php:3039                          CommonDBTM->update()
  inc/config.class.php:264                           Config::setConfigurationValues()
  inc/commondbtm.class.php:1456                      Config->prepareInputForUpdate()
  front/config.form.php:60                           CommonDBTM->update()
  {"user":"2@villa"} 
[2021-03-29 16:22:53] glpisqllog.ERROR: DBmysql::query() in /var/www/html/glpi/inc/dbmysql.class.php line 309
  *** MySQL query error:
  SQL: SELECT `glpi_contracttypes`.`name` AS `type`, `glpi_contracts`.`duration`, `glpi_entities`.`completename` AS `entname`, `glpi_entities`.`id` AS `entID`, `glpi_contracts`.`begin_date`, `glpi_clusters`.`name` AS `itemname`, `glpi_clusters`.`is_deleted` AS `itemdeleted`, `glpi_locations`.`completename` AS `location`, `glpi_infocoms`.`buy_date`, `glpi_infocoms`.`warranty_duration` FROM `glpi_contracts_items` INNER JOIN `glpi_contracts` ON (`glpi_contracts_items`.`contracts_id` = `glpi_contracts`.`id`) INNER JOIN `glpi_clusters` ON (`glpi_clusters`.`id` = `glpi_contracts_items`.`items_id` AND `glpi_contracts_items`.`itemtype` = 'Cluster') LEFT JOIN `glpi_contracttypes` ON (`glpi_contracts`.`contracttypes_id` = `glpi_contracttypes`.`id`) LEFT JOIN `glpi_entities` ON (`glpi_clusters`.`entities_id` = `glpi_entities`.`id`) LEFT JOIN `glpi_infocoms` ON (`glpi_clusters`.`id` = `glpi_infocoms`.`items_id` AND `glpi_infocoms`.`itemtype` = 'Cluster') LEFT JOIN `glpi_locations` ON (`glpi_clusters`.`locations_id` = `glpi_locations`.`id`) WHERE ((YEAR(`glpi_contracts`.`begin_date`) = '2021' OR YEAR(`glpi_infocoms`.`buy_date`) = '2021' OR YEAR(`glpi_infocoms`.`buy_date`) = '2021' OR YEAR(`glpi_contracts`.`begin_date`) = '2021' OR YEAR(`glpi_infocoms`.`buy_date`) = '2021' OR YEAR(`glpi_contracts`.`begin_date`) = '2021' OR YEAR(`glpi_infocoms`.`buy_date`) = '2021' OR YEAR(`glpi_contracts`.`begin_date`) = '2021' OR YEAR(`glpi_infocoms`.`buy_date`) = '2021' OR YEAR(`glpi_contracts`.`begin_date`) = '2021' OR YEAR(`glpi_infocoms`.`buy_date`) = '2021' OR YEAR(`glpi_contracts`.`begin_date`) = '2021')) ORDER BY `entname` ASC, `itemdeleted` DESC, `itemname` ASC
  Error: Unknown column 'glpi_clusters.locations_id' in 'on clause'
  Backtrace :
  inc/dbmysqliterator.class.php:95                   
  inc/dbmysql.class.php:876                          DBmysqlIterator->execute()
  front/report.contract.list.php:195                 DBmysql->request()
  {"user":"2@villa"} 
[2021-03-29 16:22:53] glpisqllog.ERROR: DBmysql::query() in /var/www/html/glpi/inc/dbmysql.class.php line 309
  *** MySQL query error:
  SQL: SELECT `glpi_contracttypes`.`name` AS `type`, `glpi_contracts`.`duration`, `glpi_entities`.`completename` AS `entname`, `glpi_entities`.`id` AS `entID`, `glpi_contracts`.`begin_date`, `glpi_domains`.`name` AS `itemname`, `glpi_domains`.`is_deleted` AS `itemdeleted`, `glpi_locations`.`completename` AS `location`, `glpi_infocoms`.`buy_date`, `glpi_infocoms`.`warranty_duration` FROM `glpi_contracts_items` INNER JOIN `glpi_contracts` ON (`glpi_contracts_items`.`contracts_id` = `glpi_contracts`.`id`) INNER JOIN `glpi_domains` ON (`glpi_domains`.`id` = `glpi_contracts_items`.`items_id` AND `glpi_contracts_items`.`itemtype` = 'Domain') LEFT JOIN `glpi_contracttypes` ON (`glpi_contracts`.`contracttypes_id` = `glpi_contracttypes`.`id`) LEFT JOIN `glpi_entities` ON (`glpi_domains`.`entities_id` = `glpi_entities`.`id`) LEFT JOIN `glpi_infocoms` ON (`glpi_domains`.`id` = `glpi_infocoms`.`items_id` AND `glpi_infocoms`.`itemtype` = 'Domain') LEFT JOIN `glpi_locations` ON (`glpi_domains`.`locations_id` = `glpi_locations`.`id`) WHERE ((YEAR(`glpi_contracts`.`begin_date`) = '2021' OR YEAR(`glpi_infocoms`.`buy_date`) = '2021' OR YEAR(`glpi_infocoms`.`buy_date`) = '2021' OR YEAR(`glpi_contracts`.`begin_date`) = '2021' OR YEAR(`glpi_infocoms`.`buy_date`) = '2021' OR YEAR(`glpi_contracts`.`begin_date`) = '2021' OR YEAR(`glpi_infocoms`.`buy_date`) = '2021' OR YEAR(`glpi_contracts`.`begin_date`) = '2021' OR YEAR(`glpi_infocoms`.`buy_date`) = '2021' OR YEAR(`glpi_contracts`.`begin_date`) = '2021' OR YEAR(`glpi_infocoms`.`buy_date`) = '2021' OR YEAR(`glpi_contracts`.`begin_date`) = '2021' OR YEAR(`glpi_infocoms`.`buy_date`) = '2021' OR YEAR(`glpi_contracts`.`begin_date`) = '2021' OR YEAR(`glpi_infocoms`.`buy_date`) = '2021' OR YEAR(`glpi_contracts`.`begin_date`) = '2021' OR YEAR(`glpi_infocoms`.`buy_date`) = '2021' OR YEAR(`glpi_contracts`.`begin_date`) = '2021')) ORDER BY `entname` ASC, `itemdeleted` DESC, `itemname` ASC
  Error: Unknown column 'glpi_domains.locations_id' in 'on clause'
  Backtrace :
  inc/dbmysqliterator.class.php:95                   
  inc/dbmysql.class.php:876                          DBmysqlIterator->execute()
  front/report.contract.list.php:195                 DBmysql->request()
  {"user":"2@villa","mem_usage":"0.010\", 3.65Mio)"} 
